<?xml version="1.0" encoding="UTF-8"?>
<coverage generated="1676688411">
  <project timestamp="1676688411">
    <file name="C:\xampp\htdocs\neoan.io-tools\lenkrad-core\src\CoreInterfaces\RequestInterface.php">
      <metrics loc="12" ncloc="12" classes="0" methods="0" coveredmethods="0" conditionals="0" coveredconditionals="0" statements="0" coveredstatements="0" elements="0" coveredelements="0"/>
    </file>
    <file name="C:\xampp\htdocs\neoan.io-tools\lenkrad-core\src\CoreInterfaces\ResponseInterface.php">
      <metrics loc="8" ncloc="8" classes="0" methods="0" coveredmethods="0" conditionals="0" coveredconditionals="0" statements="0" coveredstatements="0" elements="0" coveredelements="0"/>
    </file>
    <file name="C:\xampp\htdocs\neoan.io-tools\lenkrad-core\src\Cors\Cors.php">
      <class name="Neoan\Cors\Cors" namespace="global">
        <metrics complexity="11" methods="9" coveredmethods="9" conditionals="0" coveredconditionals="0" statements="17" coveredstatements="17" elements="26" coveredelements="26"/>
      </class>
      <line num="13" type="method" name="addAllowedOrigin" visibility="public" complexity="1" crap="1" count="1"/>
      <line num="15" type="stmt" count="1"/>
      <line num="16" type="stmt" count="1"/>
      <line num="19" type="method" name="getAllowedOrigins" visibility="public" complexity="1" crap="1" count="1"/>
      <line num="21" type="stmt" count="1"/>
      <line num="24" type="method" name="setAllowedMethods" visibility="public" complexity="1" crap="1" count="1"/>
      <line num="26" type="stmt" count="1"/>
      <line num="27" type="stmt" count="1"/>
      <line num="30" type="method" name="addAllowedMethod" visibility="public" complexity="1" crap="1" count="1"/>
      <line num="32" type="stmt" count="1"/>
      <line num="33" type="stmt" count="1"/>
      <line num="36" type="method" name="getAllowedMethods" visibility="public" complexity="1" crap="1" count="1"/>
      <line num="38" type="stmt" count="1"/>
      <line num="41" type="method" name="setAllowedHeaders" visibility="public" complexity="1" crap="1" count="1"/>
      <line num="43" type="stmt" count="1"/>
      <line num="44" type="stmt" count="1"/>
      <line num="47" type="method" name="addAllowedHeader" visibility="public" complexity="1" crap="1" count="1"/>
      <line num="49" type="stmt" count="1"/>
      <line num="50" type="stmt" count="1"/>
      <line num="53" type="method" name="getAllowedHeaders" visibility="public" complexity="1" crap="1" count="1"/>
      <line num="55" type="stmt" count="1"/>
      <line num="58" type="method" name="__invoke" visibility="public" complexity="3" crap="3" count="1"/>
      <line num="60" type="stmt" count="1"/>
      <line num="61" type="stmt" count="1"/>
      <line num="62" type="stmt" count="1"/>
      <line num="65" type="stmt" count="1"/>
      <metrics loc="68" ncloc="68" classes="1" methods="9" coveredmethods="9" conditionals="0" coveredconditionals="0" statements="17" coveredstatements="17" elements="26" coveredelements="26"/>
    </file>
    <file name="C:\xampp\htdocs\neoan.io-tools\lenkrad-core\src\Database\Adapter.php">
      <metrics loc="35" ncloc="20" classes="0" methods="0" coveredmethods="0" conditionals="0" coveredconditionals="0" statements="0" coveredstatements="0" elements="0" coveredelements="0"/>
    </file>
    <file name="C:\xampp\htdocs\neoan.io-tools\lenkrad-core\src\Database\Database.php">
      <class name="Neoan\Database\Database" namespace="global">
        <metrics complexity="7" methods="7" coveredmethods="7" conditionals="0" coveredconditionals="0" statements="21" coveredstatements="21" elements="28" coveredelements="28"/>
      </class>
      <line num="16" type="method" name="connect" visibility="public" complexity="1" crap="1" count="31"/>
      <line num="18" type="stmt" count="31"/>
      <line num="19" type="stmt" count="31"/>
      <line num="25" type="method" name="raw" visibility="public" complexity="1" crap="1" count="30"/>
      <line num="27" type="stmt" count="30"/>
      <line num="29" type="stmt" count="30"/>
      <line num="31" type="stmt" count="30"/>
      <line num="34" type="method" name="respond" visibility="private" complexity="1" crap="1" count="27"/>
      <line num="36" type="stmt" count="27"/>
      <line num="37" type="stmt" count="27"/>
      <line num="43" type="method" name="easy" visibility="public" complexity="1" crap="1" count="25"/>
      <line num="45" type="stmt" count="25"/>
      <line num="47" type="stmt" count="25"/>
      <line num="49" type="stmt" count="25"/>
      <line num="55" type="method" name="insert" visibility="public" complexity="1" crap="1" count="24"/>
      <line num="57" type="stmt" count="24"/>
      <line num="58" type="stmt" count="24"/>
      <line num="60" type="stmt" count="24"/>
      <line num="62" type="stmt" count="24"/>
      <line num="68" type="method" name="update" visibility="public" complexity="1" crap="1" count="4"/>
      <line num="70" type="stmt" count="4"/>
      <line num="71" type="stmt" count="4"/>
      <line num="73" type="stmt" count="4"/>
      <line num="75" type="stmt" count="4"/>
      <line num="81" type="method" name="delete" visibility="public" complexity="1" crap="1" count="2"/>
      <line num="83" type="stmt" count="2"/>
      <line num="85" type="stmt" count="2"/>
      <line num="87" type="stmt" count="2"/>
      <metrics loc="89" ncloc="74" classes="1" methods="7" coveredmethods="7" conditionals="0" coveredconditionals="0" statements="21" coveredstatements="21" elements="28" coveredelements="28"/>
    </file>
    <file name="C:\xampp\htdocs\neoan.io-tools\lenkrad-core\src\Database\NeoanSQLTranslator.php">
      <class name="Neoan\Database\NeoanSQLTranslator" namespace="global">
        <metrics complexity="14" methods="9" coveredmethods="9" conditionals="0" coveredconditionals="0" statements="35" coveredstatements="35" elements="44" coveredelements="44"/>
      </class>
      <line num="11" type="method" name="__construct" visibility="public" complexity="1" crap="1" count="3"/>
      <line num="13" type="stmt" count="3"/>
      <line num="16" type="method" name="generateUpdate" visibility="public" complexity="2" crap="2" count="1"/>
      <line num="18" type="stmt" count="1"/>
      <line num="20" type="stmt" count="1"/>
      <line num="21" type="stmt" count="1"/>
      <line num="22" type="stmt" count="1"/>
      <line num="23" type="stmt" count="1"/>
      <line num="25" type="stmt" count="1"/>
      <line num="26" type="stmt" count="1"/>
      <line num="29" type="method" name="parseSet" visibility="public" complexity="1" crap="1" count="1"/>
      <line num="31" type="stmt" count="1"/>
      <line num="34" type="method" name="parseArray" visibility="private" complexity="4" crap="4" count="1"/>
      <line num="36" type="stmt" count="1"/>
      <line num="37" type="stmt" count="1"/>
      <line num="38" type="stmt" count="1"/>
      <line num="39" type="stmt" count="1"/>
      <line num="40" type="stmt" count="1"/>
      <line num="41" type="stmt" count="1"/>
      <line num="42" type="stmt" count="1"/>
      <line num="43" type="stmt" count="1"/>
      <line num="45" type="stmt" count="1"/>
      <line num="47" type="stmt" count="1"/>
      <line num="49" type="stmt" count="1"/>
      <line num="52" type="method" name="addBackticks" visibility="private" complexity="1" crap="1" count="2"/>
      <line num="54" type="stmt" count="2"/>
      <line num="57" type="method" name="parseWhere" visibility="public" complexity="2" crap="2" count="1"/>
      <line num="59" type="stmt" count="1"/>
      <line num="60" type="stmt" count="1"/>
      <line num="61" type="stmt" count="1"/>
      <line num="64" type="stmt" count="1"/>
      <line num="67" type="method" name="generateInsert" visibility="public" complexity="1" crap="1" count="2"/>
      <line num="69" type="stmt" count="2"/>
      <line num="70" type="stmt" count="2"/>
      <line num="71" type="stmt" count="2"/>
      <line num="72" type="stmt" count="2"/>
      <line num="73" type="stmt" count="2"/>
      <line num="74" type="stmt" count="2"/>
      <line num="81" type="method" name="parseEasy" visibility="public" complexity="1" crap="1" count="2"/>
      <line num="83" type="stmt" count="2"/>
      <line num="84" type="stmt" count="2"/>
      <line num="85" type="stmt" count="2"/>
      <line num="88" type="method" name="setTableName" visibility="public" complexity="1" crap="1" count="2"/>
      <line num="90" type="stmt" count="2"/>
      <metrics loc="93" ncloc="90" classes="1" methods="9" coveredmethods="9" conditionals="0" coveredconditionals="0" statements="35" coveredstatements="35" elements="44" coveredelements="44"/>
    </file>
    <file name="C:\xampp\htdocs\neoan.io-tools\lenkrad-core\src\Database\SqLiteAdapter.php">
      <class name="Neoan\Database\SqLiteAdapter" namespace="global">
        <metrics complexity="17" methods="10" coveredmethods="10" conditionals="0" coveredconditionals="0" statements="45" coveredstatements="45" elements="55" coveredelements="55"/>
      </class>
      <line num="16" type="method" name="__construct" visibility="public" complexity="1" crap="1" count="3"/>
      <line num="18" type="stmt" count="3"/>
      <line num="19" type="stmt" count="3"/>
      <line num="22" type="method" name="easy" visibility="public" complexity="2" crap="2" count="2"/>
      <line num="24" type="stmt" count="2"/>
      <line num="25" type="stmt" count="2"/>
      <line num="26" type="stmt" count="2"/>
      <line num="27" type="stmt" count="1"/>
      <line num="28" type="stmt" count="1"/>
      <line num="30" type="stmt" count="2"/>
      <line num="31" type="stmt" count="2"/>
      <line num="32" type="stmt" count="2"/>
      <line num="33" type="stmt" count="2"/>
      <line num="35" type="method" name="addCallFunctions" visibility="private" complexity="3" crap="3" count="2"/>
      <line num="38" type="stmt" count="2"/>
      <line num="39" type="stmt" count="2"/>
      <line num="40" type="stmt" count="1"/>
      <line num="45" type="method" name="orderBy" visibility="private" complexity="1" crap="1" count="1"/>
      <line num="47" type="stmt" count="1"/>
      <line num="49" type="method" name="limit" visibility="private" complexity="1" crap="1" count="1"/>
      <line num="51" type="stmt" count="1"/>
      <line num="54" type="method" name="execute" visibility="private" complexity="4" crap="4" count="2"/>
      <line num="56" type="stmt" count="2"/>
      <line num="57" type="stmt" count="2"/>
      <line num="58" type="stmt" count="1"/>
      <line num="62" type="stmt" count="2"/>
      <line num="63" type="stmt" count="2"/>
      <line num="64" type="stmt" count="2"/>
      <line num="65" type="stmt" count="2"/>
      <line num="67" type="stmt" count="2"/>
      <line num="69" type="stmt" count="2"/>
      <line num="72" type="method" name="insert" visibility="public" complexity="1" crap="1" count="2"/>
      <line num="74" type="stmt" count="2"/>
      <line num="75" type="stmt" count="2"/>
      <line num="76" type="stmt" count="2"/>
      <line num="77" type="stmt" count="2"/>
      <line num="78" type="stmt" count="2"/>
      <line num="81" type="method" name="delete" visibility="public" complexity="2" crap="2" count="1"/>
      <line num="83" type="stmt" count="1"/>
      <line num="84" type="stmt" count="1"/>
      <line num="86" type="stmt" count="1"/>
      <line num="87" type="stmt" count="1"/>
      <line num="90" type="method" name="raw" visibility="public" complexity="1" crap="1" count="2"/>
      <line num="92" type="stmt" count="2"/>
      <line num="93" type="stmt" count="2"/>
      <line num="94" type="stmt" count="1"/>
      <line num="95" type="stmt" count="1"/>
      <line num="97" type="stmt" count="2"/>
      <line num="98" type="stmt" count="2"/>
      <line num="101" type="method" name="update" visibility="public" complexity="1" crap="1" count="1"/>
      <line num="103" type="stmt" count="1"/>
      <line num="104" type="stmt" count="1"/>
      <line num="105" type="stmt" count="1"/>
      <line num="106" type="stmt" count="1"/>
      <line num="107" type="stmt" count="1"/>
      <metrics loc="109" ncloc="108" classes="1" methods="10" coveredmethods="10" conditionals="0" coveredconditionals="0" statements="45" coveredstatements="45" elements="55" coveredelements="55"/>
    </file>
    <file name="C:\xampp\htdocs\neoan.io-tools\lenkrad-core\src\Enums\AttributeType.php">
      <metrics loc="13" ncloc="13" classes="0" methods="0" coveredmethods="0" conditionals="0" coveredconditionals="0" statements="0" coveredstatements="0" elements="0" coveredelements="0"/>
    </file>
    <file name="C:\xampp\htdocs\neoan.io-tools\lenkrad-core\src\Enums\Direction.php">
      <metrics loc="9" ncloc="9" classes="0" methods="0" coveredmethods="0" conditionals="0" coveredconditionals="0" statements="0" coveredstatements="0" elements="0" coveredelements="0"/>
    </file>
    <file name="C:\xampp\htdocs\neoan.io-tools\lenkrad-core\src\Enums\GenericEvent.php">
      <metrics loc="21" ncloc="21" classes="0" methods="0" coveredmethods="0" conditionals="0" coveredconditionals="0" statements="0" coveredstatements="0" elements="0" coveredelements="0"/>
    </file>
    <file name="C:\xampp\htdocs\neoan.io-tools\lenkrad-core\src\Enums\RequestMethod.php">
      <class name="Neoan\Enums\RequestMethod" namespace="global">
        <metrics complexity="3" methods="1" coveredmethods="1" conditionals="0" coveredconditionals="0" statements="3" coveredstatements="3" elements="4" coveredelements="4"/>
      </class>
      <line num="12" type="method" name="find" visibility="public" complexity="3" crap="3" count="5"/>
      <line num="14" type="stmt" count="5"/>
      <line num="15" type="stmt" count="5"/>
      <line num="16" type="stmt" count="5"/>
      <metrics loc="20" ncloc="20" classes="1" methods="1" coveredmethods="1" conditionals="0" coveredconditionals="0" statements="3" coveredstatements="3" elements="4" coveredelements="4"/>
    </file>
    <file name="C:\xampp\htdocs\neoan.io-tools\lenkrad-core\src\Enums\ResponseOutput.php">
      <class name="Neoan\Enums\ResponseOutput" namespace="global">
        <metrics complexity="1" methods="1" coveredmethods="1" conditionals="0" coveredconditionals="0" statements="3" coveredstatements="3" elements="4" coveredelements="4"/>
      </class>
      <line num="10" type="method" name="output" visibility="public" complexity="1" crap="1" count="4"/>
      <line num="12" type="stmt" count="4"/>
      <line num="13" type="stmt" count="4"/>
      <line num="14" type="stmt" count="4"/>
      <metrics loc="17" ncloc="17" classes="1" methods="1" coveredmethods="1" conditionals="0" coveredconditionals="0" statements="3" coveredstatements="3" elements="4" coveredelements="4"/>
    </file>
    <file name="C:\xampp\htdocs\neoan.io-tools\lenkrad-core\src\Enums\TimePeriod.php">
      <class name="Neoan\Enums\TimePeriod" namespace="global">
        <metrics complexity="1" methods="1" coveredmethods="1" conditionals="0" coveredconditionals="0" statements="11" coveredstatements="11" elements="12" coveredelements="12"/>
      </class>
      <line num="15" type="method" name="getPeriod" visibility="public" complexity="1" crap="1" count="2"/>
      <line num="17" type="stmt" count="2"/>
      <line num="18" type="stmt" count="2"/>
      <line num="19" type="stmt" count="2"/>
      <line num="21" type="stmt" count="2"/>
      <line num="22" type="stmt" count="2"/>
      <line num="23" type="stmt" count="2"/>
      <line num="24" type="stmt" count="2"/>
      <line num="25" type="stmt" count="1"/>
      <line num="26" type="stmt" count="1"/>
      <line num="27" type="stmt" count="1"/>
      <line num="30" type="stmt" count="2"/>
      <metrics loc="33" ncloc="33" classes="1" methods="1" coveredmethods="1" conditionals="0" coveredconditionals="0" statements="11" coveredstatements="11" elements="12" coveredelements="12"/>
    </file>
    <file name="C:\xampp\htdocs\neoan.io-tools\lenkrad-core\src\Enums\TransactionType.php">
      <metrics loc="9" ncloc="9" classes="0" methods="0" coveredmethods="0" conditionals="0" coveredconditionals="0" statements="0" coveredstatements="0" elements="0" coveredelements="0"/>
    </file>
    <file name="C:\xampp\htdocs\neoan.io-tools\lenkrad-core\src\Errors\NotFound.php">
      <class name="Neoan\Errors\NotFound" namespace="global">
        <metrics complexity="2" methods="2" coveredmethods="1" conditionals="0" coveredconditionals="0" statements="6" coveredstatements="5" elements="8" coveredelements="6"/>
      </class>
      <line num="16" type="method" name="__construct" visibility="public" complexity="1" crap="1.01" count="3"/>
      <line num="18" type="stmt" count="3"/>
      <line num="21" type="stmt" count="3"/>
      <line num="22" type="stmt" count="3"/>
      <line num="23" type="stmt" count="3"/>
      <line num="24" type="stmt" count="0"/>
      <line num="27" type="method" name="setTemplate" visibility="public" complexity="1" crap="1" count="13"/>
      <line num="29" type="stmt" count="13"/>
      <metrics loc="31" ncloc="31" classes="1" methods="2" coveredmethods="1" conditionals="0" coveredconditionals="0" statements="6" coveredstatements="5" elements="8" coveredelements="6"/>
    </file>
    <file name="C:\xampp\htdocs\neoan.io-tools\lenkrad-core\src\Errors\SystemError.php">
      <class name="Neoan\Errors\SystemError" namespace="global">
        <metrics complexity="9" methods="2" coveredmethods="1" conditionals="0" coveredconditionals="0" statements="23" coveredstatements="21" elements="25" coveredelements="22"/>
      </class>
      <line num="15" type="method" name="__construct" visibility="public" complexity="8" crap="8.05" count="6"/>
      <line num="17" type="stmt" count="6"/>
      <line num="20" type="stmt" count="6"/>
      <line num="21" type="stmt" count="6"/>
      <line num="22" type="stmt" count="6"/>
      <line num="23" type="stmt" count="6"/>
      <line num="24" type="stmt" count="6"/>
      <line num="25" type="stmt" count="6"/>
      <line num="27" type="stmt" count="6"/>
      <line num="29" type="stmt" count="6"/>
      <line num="30" type="stmt" count="6"/>
      <line num="31" type="stmt" count="6"/>
      <line num="32" type="stmt" count="6"/>
      <line num="35" type="stmt" count="6"/>
      <line num="36" type="stmt" count="6"/>
      <line num="37" type="stmt" count="0"/>
      <line num="38" type="stmt" count="6"/>
      <line num="39" type="stmt" count="6"/>
      <line num="40" type="stmt" count="5"/>
      <line num="41" type="stmt" count="4"/>
      <line num="43" type="stmt" count="6"/>
      <line num="46" type="stmt" count="6"/>
      <line num="50" type="stmt" count="0"/>
      <line num="52" type="method" name="setTemplate" visibility="public" complexity="1" crap="1" count="13"/>
      <line num="54" type="stmt" count="13"/>
      <metrics loc="56" ncloc="55" classes="1" methods="2" coveredmethods="1" conditionals="0" coveredconditionals="0" statements="23" coveredstatements="21" elements="25" coveredelements="22"/>
    </file>
    <file name="C:\xampp\htdocs\neoan.io-tools\lenkrad-core\src\Errors\Unauthorized.php">
      <class name="Neoan\Errors\Unauthorized" namespace="global">
        <metrics complexity="1" methods="1" coveredmethods="0" conditionals="0" coveredconditionals="0" statements="5" coveredstatements="4" elements="6" coveredelements="4"/>
      </class>
      <line num="12" type="method" name="__construct" visibility="public" complexity="1" crap="1.01" count="1"/>
      <line num="14" type="stmt" count="1"/>
      <line num="17" type="stmt" count="1"/>
      <line num="18" type="stmt" count="1"/>
      <line num="19" type="stmt" count="1"/>
      <line num="20" type="stmt" count="0"/>
      <metrics loc="22" ncloc="22" classes="1" methods="1" coveredmethods="0" conditionals="0" coveredconditionals="0" statements="5" coveredstatements="4" elements="6" coveredelements="4"/>
    </file>
    <file name="C:\xampp\htdocs\neoan.io-tools\lenkrad-core\src\Event\Event.php">
      <class name="Neoan\Event\Event" namespace="global">
        <metrics complexity="12" methods="7" coveredmethods="7" conditionals="0" coveredconditionals="0" statements="21" coveredstatements="21" elements="28" coveredelements="28"/>
      </class>
      <line num="16" type="method" name="onAny" visibility="public" complexity="1" crap="1" count="1"/>
      <line num="18" type="stmt" count="1"/>
      <line num="21" type="method" name="dispatch" visibility="public" complexity="4" crap="4" count="59"/>
      <line num="23" type="stmt" count="59"/>
      <line num="24" type="stmt" count="59"/>
      <line num="25" type="stmt" count="59"/>
      <line num="26" type="stmt" count="59"/>
      <line num="28" type="stmt" count="59"/>
      <line num="29" type="stmt" count="9"/>
      <line num="30" type="stmt" count="9"/>
      <line num="33" type="stmt" count="59"/>
      <line num="34" type="stmt" count="51"/>
      <line num="38" type="method" name="init" visibility="private" complexity="2" crap="2" count="60"/>
      <line num="40" type="stmt" count="60"/>
      <line num="41" type="stmt" count="1"/>
      <line num="42" type="stmt" count="1"/>
      <line num="46" type="method" name="eventNameConversion" visibility="private" complexity="2" crap="2" count="59"/>
      <line num="48" type="stmt" count="59"/>
      <line num="51" type="method" name="on" visibility="public" complexity="1" crap="1" count="2"/>
      <line num="53" type="stmt" count="2"/>
      <line num="54" type="stmt" count="2"/>
      <line num="57" type="method" name="subscribeToClass" visibility="public" complexity="1" crap="1" count="1"/>
      <line num="59" type="stmt" count="1"/>
      <line num="60" type="stmt" count="1"/>
      <line num="61" type="stmt" count="1"/>
      <line num="65" type="method" name="makeListenable" visibility="public" complexity="1" crap="1" count="27"/>
      <line num="67" type="stmt" count="27"/>
      <line num="68" type="stmt" count="27"/>
      <metrics loc="70" ncloc="69" classes="1" methods="7" coveredmethods="7" conditionals="0" coveredconditionals="0" statements="21" coveredstatements="21" elements="28" coveredelements="28"/>
    </file>
    <file name="C:\xampp\htdocs\neoan.io-tools\lenkrad-core\src\Event\EventNotification.php">
      <class name="Neoan\Event\EventNotification" namespace="global">
        <metrics complexity="4" methods="2" coveredmethods="2" conditionals="0" coveredconditionals="0" statements="8" coveredstatements="8" elements="10" coveredelements="10"/>
      </class>
      <line num="12" type="method" name="__construct" visibility="public" complexity="1" crap="1" count="27"/>
      <line num="14" type="stmt" count="27"/>
      <line num="15" type="stmt" count="27"/>
      <line num="18" type="method" name="inform" visibility="public" complexity="3" crap="3" count="26"/>
      <line num="20" type="stmt" count="26"/>
      <line num="21" type="stmt" count="26"/>
      <line num="22" type="stmt" count="26"/>
      <line num="23" type="stmt" count="26"/>
      <line num="24" type="stmt" count="23"/>
      <line num="25" type="stmt" count="1"/>
      <metrics loc="30" ncloc="30" classes="1" methods="2" coveredmethods="2" conditionals="0" coveredconditionals="0" statements="8" coveredstatements="8" elements="10" coveredelements="10"/>
    </file>
    <file name="C:\xampp\htdocs\neoan.io-tools\lenkrad-core\src\Event\Listenable.php">
      <metrics loc="8" ncloc="8" classes="0" methods="0" coveredmethods="0" conditionals="0" coveredconditionals="0" statements="0" coveredstatements="0" elements="0" coveredelements="0"/>
    </file>
    <file name="C:\xampp\htdocs\neoan.io-tools\lenkrad-core\src\Helper\AttributeHelper.php">
      <class name="Neoan\Helper\AttributeHelper" namespace="global">
        <metrics complexity="16" methods="6" coveredmethods="6" conditionals="0" coveredconditionals="0" statements="45" coveredstatements="45" elements="51" coveredelements="51"/>
      </class>
      <line num="26" type="method" name="__construct" visibility="public" complexity="1" crap="1" count="31"/>
      <line num="28" type="stmt" count="31"/>
      <line num="29" type="stmt" count="31"/>
      <line num="30" type="stmt" count="31"/>
      <line num="31" type="stmt" count="31"/>
      <line num="32" type="stmt" count="31"/>
      <line num="33" type="stmt" count="31"/>
      <line num="36" type="method" name="generateMachLists" visibility="private" complexity="5" crap="5" count="31"/>
      <line num="38" type="stmt" count="31"/>
      <line num="39" type="stmt" count="30"/>
      <line num="40" type="stmt" count="30"/>
      <line num="41" type="stmt" count="30"/>
      <line num="42" type="stmt" count="30"/>
      <line num="45" type="stmt" count="31"/>
      <line num="46" type="stmt" count="30"/>
      <line num="47" type="stmt" count="30"/>
      <line num="48" type="stmt" count="30"/>
      <line num="50" type="stmt" count="30"/>
      <line num="56" type="method" name="findConstant" visibility="public" complexity="1" crap="1" count="25"/>
      <line num="58" type="stmt" count="25"/>
      <line num="61" type="method" name="findPropertiesByAttribute" visibility="public" complexity="1" crap="1" count="21"/>
      <line num="63" type="stmt" count="21"/>
      <line num="66" type="method" name="findAttributesByProperty" visibility="public" complexity="1" crap="1" count="1"/>
      <line num="68" type="stmt" count="1"/>
      <line num="71" type="method" name="parseClass" visibility="public" complexity="7" crap="7" count="29"/>
      <line num="73" type="stmt" count="29"/>
      <line num="74" type="stmt" count="29"/>
      <line num="75" type="stmt" count="29"/>
      <line num="76" type="stmt" count="29"/>
      <line num="77" type="stmt" count="29"/>
      <line num="78" type="stmt" count="29"/>
      <line num="79" type="stmt" count="29"/>
      <line num="80" type="stmt" count="29"/>
      <line num="81" type="stmt" count="29"/>
      <line num="83" type="stmt" count="29"/>
      <line num="86" type="stmt" count="29"/>
      <line num="88" type="stmt" count="29"/>
      <line num="89" type="stmt" count="29"/>
      <line num="90" type="stmt" count="29"/>
      <line num="91" type="stmt" count="29"/>
      <line num="92" type="stmt" count="29"/>
      <line num="93" type="stmt" count="29"/>
      <line num="94" type="stmt" count="29"/>
      <line num="95" type="stmt" count="29"/>
      <line num="96" type="stmt" count="29"/>
      <line num="99" type="stmt" count="29"/>
      <line num="100" type="stmt" count="29"/>
      <line num="101" type="stmt" count="29"/>
      <line num="103" type="stmt" count="29"/>
      <line num="104" type="stmt" count="21"/>
      <line num="110" type="stmt" count="29"/>
      <metrics loc="113" ncloc="110" classes="1" methods="6" coveredmethods="6" conditionals="0" coveredconditionals="0" statements="45" coveredstatements="45" elements="51" coveredelements="51"/>
    </file>
    <file name="C:\xampp\htdocs\neoan.io-tools\lenkrad-core\src\Helper\ComposerParser.php">
      <class name="Neoan\Helper\ComposerParser" namespace="global">
        <metrics complexity="4" methods="2" coveredmethods="2" conditionals="0" coveredconditionals="0" statements="9" coveredstatements="9" elements="11" coveredelements="11"/>
      </class>
      <line num="11" type="method" name="__construct" visibility="public" complexity="1" crap="1" count="1"/>
      <line num="13" type="stmt" count="1"/>
      <line num="14" type="stmt" count="1"/>
      <line num="15" type="stmt" count="1"/>
      <line num="17" type="method" name="getAutoloadNamespaces" visibility="public" complexity="3" crap="3" count="1"/>
      <line num="19" type="stmt" count="1"/>
      <line num="20" type="stmt" count="1"/>
      <line num="21" type="stmt" count="1"/>
      <line num="23" type="stmt" count="1"/>
      <line num="24" type="stmt" count="1"/>
      <line num="26" type="stmt" count="1"/>
      <metrics loc="28" ncloc="28" classes="1" methods="2" coveredmethods="2" conditionals="0" coveredconditionals="0" statements="9" coveredstatements="9" elements="11" coveredelements="11"/>
    </file>
    <file name="C:\xampp\htdocs\neoan.io-tools\lenkrad-core\src\Helper\DataNormalization.php">
      <class name="Neoan\Helper\DataNormalization" namespace="global">
        <metrics complexity="22" methods="11" coveredmethods="11" conditionals="0" coveredconditionals="0" statements="27" coveredstatements="27" elements="38" coveredelements="38"/>
      </class>
      <line num="17" type="method" name="__construct" visibility="public" complexity="2" crap="2" count="33"/>
      <line num="19" type="stmt" count="33"/>
      <line num="20" type="stmt" count="31"/>
      <line num="24" type="method" name="convert" visibility="private" complexity="9" crap="9" count="32"/>
      <line num="26" type="stmt" count="32"/>
      <line num="27" type="stmt" count="3"/>
      <line num="28" type="stmt" count="32"/>
      <line num="29" type="stmt" count="1"/>
      <line num="30" type="stmt" count="32"/>
      <line num="31" type="stmt" count="1"/>
      <line num="32" type="stmt" count="32"/>
      <line num="33" type="stmt" count="31"/>
      <line num="34" type="stmt" count="31"/>
      <line num="37" type="stmt" count="32"/>
      <line num="40" type="method" name="normalize" visibility="public" complexity="1" crap="1" count="1"/>
      <line num="42" type="stmt" count="1"/>
      <line num="43" type="stmt" count="1"/>
      <line num="44" type="stmt" count="1"/>
      <line num="47" type="method" name="getInstance" visibility="public" complexity="3" crap="3" count="2"/>
      <line num="49" type="stmt" count="2"/>
      <line num="50" type="stmt" count="1"/>
      <line num="52" type="stmt" count="2"/>
      <line num="53" type="stmt" count="1"/>
      <line num="55" type="stmt" count="2"/>
      <line num="57" type="method" name="toArray" visibility="public" complexity="1" crap="1" count="26"/>
      <line num="59" type="stmt" count="26"/>
      <line num="61" type="method" name="add" visibility="public" complexity="1" crap="1" count="1"/>
      <line num="63" type="stmt" count="1"/>
      <line num="66" type="method" name="current" visibility="public" complexity="1" crap="1" count="1"/>
      <line num="68" type="stmt" count="1"/>
      <line num="71" type="method" name="next" visibility="public" complexity="1" crap="1" count="1"/>
      <line num="73" type="stmt" count="1"/>
      <line num="76" type="method" name="valid" visibility="public" complexity="1" crap="1" count="1"/>
      <line num="78" type="stmt" count="1"/>
      <line num="81" type="method" name="key" visibility="public" complexity="1" crap="1" count="1"/>
      <line num="83" type="stmt" count="1"/>
      <line num="86" type="method" name="rewind" visibility="public" complexity="1" crap="1" count="1"/>
      <line num="88" type="stmt" count="1"/>
      <metrics loc="90" ncloc="90" classes="1" methods="11" coveredmethods="11" conditionals="0" coveredconditionals="0" statements="27" coveredstatements="27" elements="38" coveredelements="38"/>
    </file>
    <file name="C:\xampp\htdocs\neoan.io-tools\lenkrad-core\src\Helper\DateHelper.php">
      <class name="Neoan\Helper\DateHelper" namespace="global">
        <metrics complexity="5" methods="3" coveredmethods="3" conditionals="0" coveredconditionals="0" statements="7" coveredstatements="7" elements="10" coveredelements="10"/>
      </class>
      <line num="10" type="method" name="__construct" visibility="public" complexity="1" crap="1" count="9"/>
      <line num="12" type="stmt" count="9"/>
      <line num="15" type="method" name="parseDateInput" visibility="private" complexity="3" crap="3" count="9"/>
      <line num="17" type="stmt" count="9"/>
      <line num="18" type="stmt" count="1"/>
      <line num="20" type="stmt" count="9"/>
      <line num="21" type="stmt" count="1"/>
      <line num="23" type="stmt" count="9"/>
      <line num="26" type="method" name="__toString" visibility="public" complexity="1" crap="1" count="9"/>
      <line num="28" type="stmt" count="9"/>
      <metrics loc="30" ncloc="30" classes="1" methods="3" coveredmethods="3" conditionals="0" coveredconditionals="0" statements="7" coveredstatements="7" elements="10" coveredelements="10"/>
    </file>
    <file name="C:\xampp\htdocs\neoan.io-tools\lenkrad-core\src\Helper\Env.php">
      <class name="Neoan\Helper\Env" namespace="global">
        <metrics complexity="5" methods="3" coveredmethods="3" conditionals="0" coveredconditionals="0" statements="7" coveredstatements="7" elements="10" coveredelements="10"/>
      </class>
      <line num="12" type="method" name="__construct" visibility="public" complexity="2" crap="2" count="1"/>
      <line num="15" type="stmt" count="1"/>
      <line num="16" type="stmt" count="1"/>
      <line num="17" type="stmt" count="1"/>
      <line num="23" type="method" name="initialize" visibility="public" complexity="2" crap="2" count="18"/>
      <line num="25" type="stmt" count="18"/>
      <line num="26" type="stmt" count="1"/>
      <line num="28" type="stmt" count="18"/>
      <line num="31" type="method" name="get" visibility="public" complexity="1" crap="1" count="18"/>
      <line num="33" type="stmt" count="18"/>
      <metrics loc="35" ncloc="34" classes="1" methods="3" coveredmethods="3" conditionals="0" coveredconditionals="0" statements="7" coveredstatements="7" elements="10" coveredelements="10"/>
    </file>
    <file name="C:\xampp\htdocs\neoan.io-tools\lenkrad-core\src\Helper\FileParser.php">
      <class name="Neoan\Helper\FileParser" namespace="global">
        <metrics complexity="15" methods="4" coveredmethods="4" conditionals="0" coveredconditionals="0" statements="27" coveredstatements="27" elements="31" coveredelements="31"/>
      </class>
      <line num="10" type="method" name="__construct" visibility="public" complexity="3" crap="3" count="9"/>
      <line num="12" type="stmt" count="9"/>
      <line num="13" type="stmt" count="9"/>
      <line num="14" type="stmt" count="5"/>
      <line num="15" type="stmt" count="5"/>
      <line num="16" type="stmt" count="5"/>
      <line num="20" type="method" name="parseFileExtension" visibility="public" complexity="1" crap="1" count="5"/>
      <line num="22" type="stmt" count="5"/>
      <line num="23" type="stmt" count="5"/>
      <line num="26" type="method" name="setHeader" visibility="public" complexity="10" crap="10" count="5"/>
      <line num="28" type="stmt" count="5"/>
      <line num="29" type="stmt" count="5"/>
      <line num="30" type="stmt" count="1"/>
      <line num="31" type="stmt" count="1"/>
      <line num="32" type="stmt" count="4"/>
      <line num="33" type="stmt" count="1"/>
      <line num="34" type="stmt" count="1"/>
      <line num="35" type="stmt" count="3"/>
      <line num="36" type="stmt" count="1"/>
      <line num="37" type="stmt" count="1"/>
      <line num="38" type="stmt" count="2"/>
      <line num="39" type="stmt" count="2"/>
      <line num="40" type="stmt" count="1"/>
      <line num="41" type="stmt" count="1"/>
      <line num="42" type="stmt" count="1"/>
      <line num="43" type="stmt" count="1"/>
      <line num="44" type="stmt" count="1"/>
      <line num="46" type="stmt" count="1"/>
      <line num="51" type="method" name="readFile" visibility="public" complexity="1" crap="1" count="5"/>
      <line num="53" type="stmt" count="5"/>
      <line num="54" type="stmt" count="5"/>
      <metrics loc="56" ncloc="56" classes="1" methods="4" coveredmethods="4" conditionals="0" coveredconditionals="0" statements="27" coveredstatements="27" elements="31" coveredelements="31"/>
    </file>
    <file name="C:\xampp\htdocs\neoan.io-tools\lenkrad-core\src\Helper\Setup.php">
      <class name="Neoan\Helper\Setup" namespace="global">
        <metrics complexity="21" methods="16" coveredmethods="16" conditionals="0" coveredconditionals="0" statements="43" coveredstatements="43" elements="59" coveredelements="59"/>
      </class>
      <line num="20" type="method" name="__construct" visibility="public" complexity="1" crap="1" count="30"/>
      <line num="22" type="stmt" count="30"/>
      <line num="29" type="method" name="setTemplatePath" visibility="public" complexity="1" crap="1" count="2"/>
      <line num="31" type="stmt" count="2"/>
      <line num="32" type="stmt" count="2"/>
      <line num="39" type="method" name="setDefault404" visibility="public" complexity="1" crap="1" count="12"/>
      <line num="41" type="stmt" count="12"/>
      <line num="42" type="stmt" count="12"/>
      <line num="43" type="stmt" count="12"/>
      <line num="50" type="method" name="setDefault500" visibility="public" complexity="1" crap="1" count="12"/>
      <line num="52" type="stmt" count="12"/>
      <line num="53" type="stmt" count="12"/>
      <line num="54" type="stmt" count="12"/>
      <line num="61" type="method" name="setUseSkeleton" visibility="public" complexity="1" crap="1" count="2"/>
      <line num="63" type="stmt" count="2"/>
      <line num="64" type="stmt" count="2"/>
      <line num="71" type="method" name="setSkeletonHTML" visibility="public" complexity="1" crap="1" count="2"/>
      <line num="73" type="stmt" count="2"/>
      <line num="74" type="stmt" count="2"/>
      <line num="81" type="method" name="setSkeletonComponentPlacement" visibility="public" complexity="1" crap="1" count="2"/>
      <line num="83" type="stmt" count="2"/>
      <line num="84" type="stmt" count="2"/>
      <line num="91" type="method" name="setSkeletonVariables" visibility="public" complexity="1" crap="1" count="2"/>
      <line num="93" type="stmt" count="2"/>
      <line num="94" type="stmt" count="2"/>
      <line num="97" type="method" name="setDefaultOutput" visibility="public" complexity="1" crap="1" count="2"/>
      <line num="99" type="stmt" count="2"/>
      <line num="100" type="stmt" count="2"/>
      <line num="103" type="method" name="setDatabaseAdapter" visibility="public" complexity="1" crap="1" count="1"/>
      <line num="105" type="stmt" count="1"/>
      <line num="106" type="stmt" count="1"/>
      <line num="107" type="stmt" count="1"/>
      <line num="108" type="stmt" count="1"/>
      <line num="111" type="method" name="setLibraryPath" visibility="public" complexity="1" crap="1" count="17"/>
      <line num="113" type="stmt" count="17"/>
      <line num="114" type="stmt" count="17"/>
      <line num="117" type="method" name="setPublicPath" visibility="public" complexity="1" crap="1" count="17"/>
      <line num="119" type="stmt" count="17"/>
      <line num="120" type="stmt" count="17"/>
      <line num="123" type="method" name="set" visibility="public" complexity="1" crap="1" count="1"/>
      <line num="125" type="stmt" count="1"/>
      <line num="126" type="stmt" count="1"/>
      <line num="129" type="method" name="getConfiguration" visibility="public" complexity="1" crap="1" count="1"/>
      <line num="131" type="stmt" count="1"/>
      <line num="137" type="method" name="get" visibility="public" complexity="2" crap="2" count="29"/>
      <line num="139" type="stmt" count="29"/>
      <line num="140" type="stmt" count="1"/>
      <line num="142" type="stmt" count="28"/>
      <line num="145" type="method" name="__invoke" visibility="public" complexity="5" crap="5" count="1"/>
      <line num="148" type="stmt" count="1"/>
      <line num="149" type="stmt" count="1"/>
      <line num="151" type="stmt" count="1"/>
      <line num="152" type="stmt" count="1"/>
      <line num="154" type="stmt" count="1"/>
      <line num="155" type="stmt" count="1"/>
      <line num="156" type="stmt" count="1"/>
      <line num="157" type="stmt" count="1"/>
      <line num="158" type="stmt" count="1"/>
      <line num="161" type="stmt" count="1"/>
      <metrics loc="165" ncloc="133" classes="1" methods="16" coveredmethods="16" conditionals="0" coveredconditionals="0" statements="43" coveredstatements="43" elements="59" coveredelements="59"/>
    </file>
    <file name="C:\xampp\htdocs\neoan.io-tools\lenkrad-core\src\Helper\Str.php">
      <class name="Neoan\Helper\Str" namespace="global">
        <metrics complexity="23" methods="14" coveredmethods="14" conditionals="0" coveredconditionals="0" statements="36" coveredstatements="36" elements="50" coveredelements="50"/>
      </class>
      <line num="9" type="method" name="contains" visibility="public" complexity="1" crap="1" count="1"/>
      <line num="11" type="stmt" count="1"/>
      <line num="14" type="method" name="startsWith" visibility="public" complexity="1" crap="1" count="1"/>
      <line num="16" type="stmt" count="1"/>
      <line num="19" type="method" name="endsWith" visibility="public" complexity="1" crap="1" count="1"/>
      <line num="21" type="stmt" count="1"/>
      <line num="24" type="method" name="toLowerCase" visibility="public" complexity="1" crap="1" count="1"/>
      <line num="26" type="stmt" count="1"/>
      <line num="29" type="method" name="toUpperCase" visibility="public" complexity="1" crap="1" count="1"/>
      <line num="31" type="stmt" count="1"/>
      <line num="34" type="method" name="toTitleCase" visibility="public" complexity="1" crap="1" count="1"/>
      <line num="36" type="stmt" count="1"/>
      <line num="39" type="method" name="toCamelCase" visibility="public" complexity="3" crap="3" count="1"/>
      <line num="41" type="stmt" count="1"/>
      <line num="42" type="stmt" count="1"/>
      <line num="43" type="stmt" count="1"/>
      <line num="45" type="stmt" count="1"/>
      <line num="48" type="method" name="toSnakeCase" visibility="public" complexity="3" crap="3" count="4"/>
      <line num="50" type="stmt" count="4"/>
      <line num="51" type="stmt" count="4"/>
      <line num="52" type="stmt" count="4"/>
      <line num="54" type="stmt" count="4"/>
      <line num="57" type="method" name="toKebabCase" visibility="public" complexity="3" crap="3" count="1"/>
      <line num="59" type="stmt" count="1"/>
      <line num="60" type="stmt" count="1"/>
      <line num="61" type="stmt" count="1"/>
      <line num="63" type="stmt" count="1"/>
      <line num="66" type="method" name="toPascalCase" visibility="public" complexity="3" crap="3" count="1"/>
      <line num="68" type="stmt" count="1"/>
      <line num="69" type="stmt" count="1"/>
      <line num="70" type="stmt" count="1"/>
      <line num="72" type="stmt" count="1"/>
      <line num="78" type="method" name="randomAlphaNumeric" visibility="public" complexity="1" crap="1" count="2"/>
      <line num="80" type="stmt" count="2"/>
      <line num="89" type="method" name="encrypt" visibility="public" complexity="1" crap="1" count="2"/>
      <line num="91" type="stmt" count="2"/>
      <line num="92" type="stmt" count="2"/>
      <line num="94" type="stmt" count="2"/>
      <line num="97" type="stmt" count="2"/>
      <line num="108" type="method" name="decrypt" visibility="public" complexity="2" crap="2" count="2"/>
      <line num="110" type="stmt" count="2"/>
      <line num="111" type="stmt" count="2"/>
      <line num="112" type="stmt" count="1"/>
      <line num="115" type="stmt" count="1"/>
      <line num="116" type="stmt" count="1"/>
      <line num="117" type="stmt" count="1"/>
      <line num="119" type="stmt" count="1"/>
      <line num="126" type="method" name="caseConverter" visibility="private" complexity="1" crap="1" count="7"/>
      <line num="128" type="stmt" count="7"/>
      <line num="129" type="stmt" count="7"/>
      <metrics loc="131" ncloc="115" classes="1" methods="14" coveredmethods="14" conditionals="0" coveredconditionals="0" statements="36" coveredstatements="36" elements="50" coveredelements="50"/>
    </file>
    <file name="C:\xampp\htdocs\neoan.io-tools\lenkrad-core\src\Helper\Terminate.php">
      <class name="Neoan\Helper\Terminate" namespace="global">
        <metrics complexity="4" methods="0" coveredmethods="0" conditionals="0" coveredconditionals="0" statements="0" coveredstatements="0" elements="0" coveredelements="0"/>
      </class>
      <metrics loc="36" ncloc="28" classes="0" methods="0" coveredmethods="0" conditionals="0" coveredconditionals="0" statements="0" coveredstatements="0" elements="0" coveredelements="0"/>
    </file>
    <file name="C:\xampp\htdocs\neoan.io-tools\lenkrad-core\src\Helper\VerifyJson.php">
      <class name="Neoan\Helper\VerifyJson" namespace="global">
        <metrics complexity="4" methods="3" coveredmethods="3" conditionals="0" coveredconditionals="0" statements="8" coveredstatements="8" elements="11" coveredelements="11"/>
      </class>
      <line num="15" type="method" name="__construct" visibility="public" complexity="1" crap="1" count="2"/>
      <line num="17" type="stmt" count="2"/>
      <line num="20" type="method" name="isJson" visibility="public" complexity="1" crap="1" count="4"/>
      <line num="22" type="stmt" count="4"/>
      <line num="23" type="stmt" count="4"/>
      <line num="29" type="method" name="jsonSerialize" visibility="public" complexity="2" crap="2" count="2"/>
      <line num="32" type="stmt" count="2"/>
      <line num="33" type="stmt" count="1"/>
      <line num="34" type="stmt" count="1"/>
      <line num="35" type="stmt" count="1"/>
      <line num="37" type="stmt" count="2"/>
      <metrics loc="40" ncloc="37" classes="1" methods="3" coveredmethods="3" conditionals="0" coveredconditionals="0" statements="8" coveredstatements="8" elements="11" coveredelements="11"/>
    </file>
    <file name="C:\xampp\htdocs\neoan.io-tools\lenkrad-core\src\Model\Attributes\Computed.php">
      <class name="Neoan\Model\Attributes\Computed" namespace="global">
        <metrics complexity="3" methods="3" coveredmethods="3" conditionals="0" coveredconditionals="0" statements="3" coveredstatements="3" elements="6" coveredelements="6"/>
      </class>
      <line num="15" type="method" name="__construct" visibility="public" complexity="1" crap="1" count="31"/>
      <line num="17" type="stmt" count="31"/>
      <line num="20" type="method" name="__invoke" visibility="public" complexity="1" crap="1" count="25"/>
      <line num="22" type="stmt" count="25"/>
      <line num="26" type="method" name="getType" visibility="public" complexity="1" crap="1" count="1"/>
      <line num="28" type="stmt" count="1"/>
      <metrics loc="30" ncloc="30" classes="1" methods="3" coveredmethods="3" conditionals="0" coveredconditionals="0" statements="3" coveredstatements="3" elements="6" coveredelements="6"/>
    </file>
    <file name="C:\xampp\htdocs\neoan.io-tools\lenkrad-core\src\Model\Attributes\HasMany.php">
      <class name="Neoan\Model\Attributes\HasMany" namespace="global">
        <metrics complexity="5" methods="3" coveredmethods="3" conditionals="0" coveredconditionals="0" statements="9" coveredstatements="9" elements="12" coveredelements="12"/>
      </class>
      <line num="15" type="method" name="__construct" visibility="public" complexity="1" crap="1" count="30"/>
      <line num="17" type="stmt" count="30"/>
      <line num="18" type="stmt" count="30"/>
      <line num="21" type="method" name="__invoke" visibility="public" complexity="3" crap="3" count="22"/>
      <line num="23" type="stmt" count="22"/>
      <line num="24" type="stmt" count="22"/>
      <line num="25" type="stmt" count="22"/>
      <line num="26" type="stmt" count="21"/>
      <line num="28" type="stmt" count="1"/>
      <line num="32" type="stmt" count="22"/>
      <line num="36" type="method" name="getType" visibility="public" complexity="1" crap="1" count="29"/>
      <line num="38" type="stmt" count="29"/>
      <metrics loc="40" ncloc="40" classes="1" methods="3" coveredmethods="3" conditionals="0" coveredconditionals="0" statements="9" coveredstatements="9" elements="12" coveredelements="12"/>
    </file>
    <file name="C:\xampp\htdocs\neoan.io-tools\lenkrad-core\src\Model\Attributes\Ignore.php">
      <class name="Neoan\Model\Attributes\Ignore" namespace="global">
        <metrics complexity="2" methods="1" coveredmethods="1" conditionals="0" coveredconditionals="0" statements="1" coveredstatements="1" elements="2" coveredelements="2"/>
      </class>
      <line num="19" type="method" name="getType" visibility="public" complexity="1" crap="1" count="30"/>
      <line num="21" type="stmt" count="30"/>
      <metrics loc="23" ncloc="23" classes="1" methods="1" coveredmethods="1" conditionals="0" coveredconditionals="0" statements="1" coveredstatements="1" elements="2" coveredelements="2"/>
    </file>
    <file name="C:\xampp\htdocs\neoan.io-tools\lenkrad-core\src\Model\Attributes\Initialize.php">
      <class name="Neoan\Model\Attributes\Initialize" namespace="global">
        <metrics complexity="5" methods="3" coveredmethods="3" conditionals="0" coveredconditionals="0" statements="5" coveredstatements="5" elements="8" coveredelements="8"/>
      </class>
      <line num="15" type="method" name="__construct" visibility="public" complexity="1" crap="1" count="2"/>
      <line num="17" type="stmt" count="2"/>
      <line num="20" type="method" name="__Invoke" visibility="public" complexity="3" crap="3" count="1"/>
      <line num="22" type="stmt" count="1"/>
      <line num="23" type="stmt" count="1"/>
      <line num="26" type="stmt" count="1"/>
      <line num="29" type="method" name="getType" visibility="public" complexity="1" crap="1" count="1"/>
      <line num="31" type="stmt" count="1"/>
      <metrics loc="33" ncloc="33" classes="1" methods="3" coveredmethods="3" conditionals="0" coveredconditionals="0" statements="5" coveredstatements="5" elements="8" coveredelements="8"/>
    </file>
    <file name="C:\xampp\htdocs\neoan.io-tools\lenkrad-core\src\Model\Attributes\IsEnum.php">
      <class name="Neoan\Model\Attributes\IsEnum" namespace="global">
        <metrics complexity="4" methods="3" coveredmethods="3" conditionals="0" coveredconditionals="0" statements="5" coveredstatements="5" elements="8" coveredelements="8"/>
      </class>
      <line num="15" type="method" name="__construct" visibility="public" complexity="1" crap="1" count="1"/>
      <line num="17" type="stmt" count="1"/>
      <line num="20" type="method" name="__invoke" visibility="public" complexity="2" crap="2" count="1"/>
      <line num="23" type="stmt" count="1"/>
      <line num="24" type="stmt" count="1"/>
      <line num="26" type="stmt" count="1"/>
      <line num="29" type="method" name="getType" visibility="public" complexity="1" crap="1" count="1"/>
      <line num="31" type="stmt" count="1"/>
      <metrics loc="33" ncloc="33" classes="1" methods="3" coveredmethods="3" conditionals="0" coveredconditionals="0" statements="5" coveredstatements="5" elements="8" coveredelements="8"/>
    </file>
    <file name="C:\xampp\htdocs\neoan.io-tools\lenkrad-core\src\Model\Attributes\IsForeignKey.php">
      <class name="Neoan\Model\Attributes\IsForeignKey" namespace="global">
        <metrics complexity="2" methods="2" coveredmethods="2" conditionals="0" coveredconditionals="0" statements="3" coveredstatements="3" elements="5" coveredelements="5"/>
      </class>
      <line num="15" type="method" name="__construct" visibility="public" complexity="1" crap="1" count="22"/>
      <line num="17" type="stmt" count="22"/>
      <line num="18" type="stmt" count="22"/>
      <line num="21" type="method" name="getType" visibility="public" complexity="1" crap="1" count="22"/>
      <line num="23" type="stmt" count="22"/>
      <metrics loc="25" ncloc="25" classes="1" methods="2" coveredmethods="2" conditionals="0" coveredconditionals="0" statements="3" coveredstatements="3" elements="5" coveredelements="5"/>
    </file>
    <file name="C:\xampp\htdocs\neoan.io-tools\lenkrad-core\src\Model\Attributes\IsPrimaryKey.php">
      <class name="Neoan\Model\Attributes\IsPrimaryKey" namespace="global">
        <metrics complexity="3" methods="1" coveredmethods="1" conditionals="0" coveredconditionals="0" statements="1" coveredstatements="1" elements="2" coveredelements="2"/>
      </class>
      <line num="20" type="method" name="getType" visibility="public" complexity="1" crap="1" count="29"/>
      <line num="22" type="stmt" count="29"/>
      <metrics loc="24" ncloc="24" classes="1" methods="1" coveredmethods="1" conditionals="0" coveredconditionals="0" statements="1" coveredstatements="1" elements="2" coveredelements="2"/>
    </file>
    <file name="C:\xampp\htdocs\neoan.io-tools\lenkrad-core\src\Model\Attributes\IsUnique.php">
      <class name="Neoan\Model\Attributes\IsUnique" namespace="global">
        <metrics complexity="3" methods="1" coveredmethods="1" conditionals="0" coveredconditionals="0" statements="1" coveredstatements="1" elements="2" coveredelements="2"/>
      </class>
      <line num="20" type="method" name="getType" visibility="public" complexity="1" crap="1" count="29"/>
      <line num="22" type="stmt" count="29"/>
      <metrics loc="24" ncloc="24" classes="1" methods="1" coveredmethods="1" conditionals="0" coveredconditionals="0" statements="1" coveredstatements="1" elements="2" coveredelements="2"/>
    </file>
    <file name="C:\xampp\htdocs\neoan.io-tools\lenkrad-core\src\Model\Attributes\Transform.php">
      <class name="Neoan\Model\Attributes\Transform" namespace="global">
        <metrics complexity="4" methods="3" coveredmethods="3" conditionals="0" coveredconditionals="0" statements="7" coveredstatements="7" elements="10" coveredelements="10"/>
      </class>
      <line num="19" type="method" name="__construct" visibility="public" complexity="1" crap="1" count="30"/>
      <line num="21" type="stmt" count="30"/>
      <line num="29" type="method" name="__invoke" visibility="public" complexity="2" crap="2" count="22"/>
      <line num="31" type="stmt" count="22"/>
      <line num="32" type="stmt" count="22"/>
      <line num="33" type="stmt" count="1"/>
      <line num="35" type="stmt" count="21"/>
      <line num="36" type="stmt" count="21"/>
      <line num="39" type="method" name="getType" visibility="public" complexity="1" crap="1" count="29"/>
      <line num="41" type="stmt" count="29"/>
      <metrics loc="43" ncloc="39" classes="1" methods="3" coveredmethods="3" conditionals="0" coveredconditionals="0" statements="7" coveredstatements="7" elements="10" coveredelements="10"/>
    </file>
    <file name="C:\xampp\htdocs\neoan.io-tools\lenkrad-core\src\Model\Attributes\Type.php">
      <class name="Neoan\Model\Attributes\Type" namespace="global">
        <metrics complexity="2" methods="2" coveredmethods="2" conditionals="0" coveredconditionals="0" statements="4" coveredstatements="4" elements="6" coveredelements="6"/>
      </class>
      <line num="16" type="method" name="__construct" visibility="public" complexity="1" crap="1" count="29"/>
      <line num="18" type="stmt" count="29"/>
      <line num="19" type="stmt" count="29"/>
      <line num="20" type="stmt" count="29"/>
      <line num="23" type="method" name="getType" visibility="public" complexity="1" crap="1" count="29"/>
      <line num="25" type="stmt" count="29"/>
      <metrics loc="27" ncloc="27" classes="1" methods="2" coveredmethods="2" conditionals="0" coveredconditionals="0" statements="4" coveredstatements="4" elements="6" coveredelements="6"/>
    </file>
    <file name="C:\xampp\htdocs\neoan.io-tools\lenkrad-core\src\Model\Collection.php">
      <class name="Neoan\Model\Collection" namespace="global">
        <metrics complexity="14" methods="11" coveredmethods="11" conditionals="0" coveredconditionals="0" statements="19" coveredstatements="19" elements="30" coveredelements="30"/>
      </class>
      <line num="13" type="method" name="__construct" visibility="public" complexity="1" crap="1" count="26"/>
      <line num="15" type="stmt" count="26"/>
      <line num="18" type="method" name="each" visibility="public" complexity="2" crap="2" count="1"/>
      <line num="20" type="stmt" count="1"/>
      <line num="21" type="stmt" count="1"/>
      <line num="23" type="stmt" count="1"/>
      <line num="26" type="method" name="add" visibility="public" complexity="1" crap="1" count="6"/>
      <line num="28" type="stmt" count="6"/>
      <line num="29" type="stmt" count="6"/>
      <line num="32" type="method" name="toArray" visibility="public" complexity="2" crap="2" count="23"/>
      <line num="34" type="stmt" count="23"/>
      <line num="35" type="stmt" count="23"/>
      <line num="36" type="stmt" count="1"/>
      <line num="38" type="stmt" count="23"/>
      <line num="41" type="method" name="store" visibility="public" complexity="2" crap="2" count="1"/>
      <line num="43" type="stmt" count="1"/>
      <line num="44" type="stmt" count="1"/>
      <line num="46" type="stmt" count="1"/>
      <line num="49" type="method" name="count" visibility="public" complexity="1" crap="1" count="1"/>
      <line num="51" type="stmt" count="1"/>
      <line num="54" type="method" name="current" visibility="public" complexity="1" crap="1" count="2"/>
      <line num="56" type="stmt" count="2"/>
      <line num="59" type="method" name="next" visibility="public" complexity="1" crap="1" count="2"/>
      <line num="61" type="stmt" count="2"/>
      <line num="64" type="method" name="key" visibility="public" complexity="1" crap="1" count="1"/>
      <line num="66" type="stmt" count="1"/>
      <line num="69" type="method" name="valid" visibility="public" complexity="1" crap="1" count="2"/>
      <line num="71" type="stmt" count="2"/>
      <line num="74" type="method" name="rewind" visibility="public" complexity="1" crap="1" count="2"/>
      <line num="76" type="stmt" count="2"/>
      <metrics loc="78" ncloc="78" classes="1" methods="11" coveredmethods="11" conditionals="0" coveredconditionals="0" statements="19" coveredstatements="19" elements="30" coveredelements="30"/>
    </file>
    <file name="C:\xampp\htdocs\neoan.io-tools\lenkrad-core\src\Model\Helper\DateTimeProperty.php">
      <class name="Neoan\Model\Helper\DateTimeProperty" namespace="global">
        <metrics complexity="13" methods="9" coveredmethods="9" conditionals="0" coveredconditionals="0" statements="28" coveredstatements="28" elements="37" coveredelements="37"/>
      </class>
      <line num="14" type="method" name="__construct" visibility="public" complexity="2" crap="2" count="6"/>
      <line num="16" type="stmt" count="6"/>
      <line num="17" type="stmt" count="5"/>
      <line num="20" type="method" name="toNull" visibility="public" complexity="1" crap="1" count="1"/>
      <line num="22" type="stmt" count="1"/>
      <line num="24" type="method" name="addTimePeriod" visibility="public" complexity="1" crap="1" count="1"/>
      <line num="26" type="stmt" count="1"/>
      <line num="27" type="stmt" count="1"/>
      <line num="28" type="stmt" count="1"/>
      <line num="29" type="stmt" count="1"/>
      <line num="30" type="stmt" count="1"/>
      <line num="33" type="method" name="getTimeDifference" visibility="public" complexity="1" crap="1" count="1"/>
      <line num="35" type="stmt" count="1"/>
      <line num="36" type="stmt" count="1"/>
      <line num="39" type="method" name="set" visibility="public" complexity="2" crap="2" count="5"/>
      <line num="42" type="stmt" count="5"/>
      <line num="43" type="stmt" count="5"/>
      <line num="44" type="stmt" count="1"/>
      <line num="45" type="stmt" count="1"/>
      <line num="49" type="method" name="subtractTimePeriod" visibility="public" complexity="1" crap="1" count="1"/>
      <line num="51" type="stmt" count="1"/>
      <line num="52" type="stmt" count="1"/>
      <line num="53" type="stmt" count="1"/>
      <line num="54" type="stmt" count="1"/>
      <line num="55" type="stmt" count="1"/>
      <line num="57" type="method" name="__toString" visibility="public" complexity="2" crap="2" count="1"/>
      <line num="59" type="stmt" count="1"/>
      <line num="60" type="stmt" count="1"/>
      <line num="62" type="stmt" count="1"/>
      <line num="64" type="method" name="update" visibility="private" complexity="1" crap="1" count="5"/>
      <line num="66" type="stmt" count="5"/>
      <line num="67" type="stmt" count="5"/>
      <line num="69" type="method" name="ensureHelper" visibility="private" complexity="2" crap="2" count="1"/>
      <line num="71" type="stmt" count="1"/>
      <line num="72" type="stmt" count="1"/>
      <line num="73" type="stmt" count="1"/>
      <line num="74" type="stmt" count="1"/>
      <metrics loc="78" ncloc="78" classes="1" methods="9" coveredmethods="9" conditionals="0" coveredconditionals="0" statements="28" coveredstatements="28" elements="37" coveredelements="37"/>
    </file>
    <file name="C:\xampp\htdocs\neoan.io-tools\lenkrad-core\src\Model\Interfaces\ModelAttribute.php">
      <metrics loc="10" ncloc="10" classes="0" methods="0" coveredmethods="0" conditionals="0" coveredconditionals="0" statements="0" coveredstatements="0" elements="0" coveredelements="0"/>
    </file>
    <file name="C:\xampp\htdocs\neoan.io-tools\lenkrad-core\src\Model\Interfaces\ModelClass.php">
      <metrics loc="8" ncloc="8" classes="0" methods="0" coveredmethods="0" conditionals="0" coveredconditionals="0" statements="0" coveredstatements="0" elements="0" coveredelements="0"/>
    </file>
    <file name="C:\xampp\htdocs\neoan.io-tools\lenkrad-core\src\Model\Interfaces\Transformation.php">
      <metrics loc="10" ncloc="10" classes="0" methods="0" coveredmethods="0" conditionals="0" coveredconditionals="0" statements="0" coveredstatements="0" elements="0" coveredelements="0"/>
    </file>
    <file name="C:\xampp\htdocs\neoan.io-tools\lenkrad-core\src\Model\Interpreter.php">
      <class name="Neoan\Model\Interpreter" namespace="global">
        <metrics complexity="51" methods="12" coveredmethods="12" conditionals="0" coveredconditionals="0" statements="75" coveredstatements="75" elements="87" coveredelements="87"/>
      </class>
      <line num="26" type="method" name="__construct" visibility="public" complexity="1" crap="1" count="29"/>
      <line num="28" type="stmt" count="29"/>
      <line num="29" type="stmt" count="29"/>
      <line num="32" type="method" name="asInstance" visibility="public" complexity="1" crap="1" count="25"/>
      <line num="34" type="stmt" count="25"/>
      <line num="37" type="method" name="initialize" visibility="public" complexity="14" crap="14" count="25"/>
      <line num="40" type="stmt" count="25"/>
      <line num="43" type="stmt" count="25"/>
      <line num="44" type="stmt" count="25"/>
      <line num="45" type="stmt" count="3"/>
      <line num="46" type="stmt" count="3"/>
      <line num="50" type="stmt" count="25"/>
      <line num="51" type="stmt" count="25"/>
      <line num="52" type="stmt" count="2"/>
      <line num="54" type="stmt" count="25"/>
      <line num="58" type="stmt" count="25"/>
      <line num="59" type="stmt" count="21"/>
      <line num="63" type="stmt" count="25"/>
      <line num="64" type="stmt" count="22"/>
      <line num="67" type="stmt" count="25"/>
      <line num="69" type="stmt" count="25"/>
      <line num="70" type="stmt" count="25"/>
      <line num="71" type="stmt" count="25"/>
      <line num="75" type="stmt" count="25"/>
      <line num="78" type="method" name="fillWithReadOnlyGuard" visibility="public" complexity="5" crap="5" count="22"/>
      <line num="80" type="stmt" count="22"/>
      <line num="81" type="stmt" count="2"/>
      <line num="82" type="stmt" count="22"/>
      <line num="84" type="stmt" count="22"/>
      <line num="85" type="stmt" count="1"/>
      <line num="87" type="stmt" count="1"/>
      <line num="92" type="method" name="executeAttributes" visibility="public" complexity="4" crap="4" count="25"/>
      <line num="94" type="stmt" count="25"/>
      <line num="95" type="stmt" count="25"/>
      <line num="96" type="stmt" count="21"/>
      <line num="97" type="stmt" count="21"/>
      <line num="98" type="stmt" count="21"/>
      <line num="100" type="stmt" count="4"/>
      <line num="106" type="method" name="generateInsertUpdate" visibility="public" complexity="2" crap="2" count="21"/>
      <line num="108" type="stmt" count="21"/>
      <line num="109" type="stmt" count="21"/>
      <line num="110" type="stmt" count="21"/>
      <line num="112" type="stmt" count="21"/>
      <line num="115" type="method" name="generateSelect" visibility="public" complexity="4" crap="4" count="21"/>
      <line num="117" type="stmt" count="21"/>
      <line num="118" type="stmt" count="21"/>
      <line num="119" type="stmt" count="21"/>
      <line num="120" type="stmt" count="21"/>
      <line num="121" type="stmt" count="21"/>
      <line num="122" type="stmt" count="2"/>
      <line num="124" type="stmt" count="21"/>
      <line num="125" type="stmt" count="21"/>
      <line num="130" type="stmt" count="21"/>
      <line num="131" type="stmt" count="21"/>
      <line num="132" type="stmt" count="21"/>
      <line num="136" type="method" name="addToSelectorString" visibility="private" complexity="2" crap="2" count="21"/>
      <line num="138" type="stmt" count="21"/>
      <line num="141" type="method" name="getTableName" visibility="public" complexity="2" crap="2" count="25"/>
      <line num="143" type="stmt" count="25"/>
      <line num="144" type="stmt" count="25"/>
      <line num="146" type="stmt" count="3"/>
      <line num="147" type="stmt" count="3"/>
      <line num="151" type="method" name="attributeCheck" visibility="private" complexity="6" crap="6" count="21"/>
      <line num="153" type="stmt" count="21"/>
      <line num="154" type="stmt" count="21"/>
      <line num="155" type="stmt" count="21"/>
      <line num="156" type="stmt" count="21"/>
      <line num="158" type="stmt" count="21"/>
      <line num="159" type="stmt" count="21"/>
      <line num="160" type="stmt" count="21"/>
      <line num="161" type="stmt" count="21"/>
      <line num="162" type="stmt" count="21"/>
      <line num="163" type="stmt" count="21"/>
      <line num="164" type="stmt" count="21"/>
      <line num="166" type="stmt" count="21"/>
      <line num="167" type="stmt" count="21"/>
      <line num="171" type="method" name="getPrimaryKey" visibility="public" complexity="1" crap="1" count="21"/>
      <line num="173" type="stmt" count="21"/>
      <line num="176" type="method" name="removePrivateAttributes" visibility="public" complexity="9" crap="9" count="21"/>
      <line num="178" type="stmt" count="21"/>
      <line num="179" type="stmt" count="21"/>
      <line num="180" type="stmt" count="21"/>
      <line num="181" type="stmt" count="21"/>
      <line num="187" type="stmt" count="21"/>
      <line num="188" type="stmt" count="21"/>
      <line num="189" type="stmt" count="21"/>
      <line num="190" type="stmt" count="21"/>
      <metrics loc="197" ncloc="189" classes="1" methods="12" coveredmethods="12" conditionals="0" coveredconditionals="0" statements="75" coveredstatements="75" elements="87" coveredelements="87"/>
    </file>
    <file name="C:\xampp\htdocs\neoan.io-tools\lenkrad-core\src\Model\Model.php">
      <class name="Neoan\Model\Model" namespace="global">
        <metrics complexity="41" methods="18" coveredmethods="16" conditionals="0" coveredconditionals="0" statements="111" coveredstatements="108" elements="129" coveredelements="124"/>
      </class>
      <line num="25" type="method" name="__construct" visibility="public" complexity="1" crap="1" count="25"/>
      <line num="27" type="stmt" count="25"/>
      <line num="28" type="stmt" count="25"/>
      <line num="29" type="stmt" count="25"/>
      <line num="30" type="stmt" count="25"/>
      <line num="31" type="stmt" count="25"/>
      <line num="38" type="method" name="__call" visibility="public" complexity="2" crap="2" count="2"/>
      <line num="40" type="stmt" count="2"/>
      <line num="41" type="stmt" count="2"/>
      <line num="42" type="stmt" count="2"/>
      <line num="43" type="stmt" count="1"/>
      <line num="46" type="stmt" count="1"/>
      <line num="52" type="method" name="executeMagicCall" visibility="private" complexity="4" crap="4.01" count="1"/>
      <line num="54" type="stmt" count="1"/>
      <line num="56" type="stmt" count="1"/>
      <line num="57" type="stmt" count="1"/>
      <line num="58" type="stmt" count="1"/>
      <line num="59" type="stmt" count="1"/>
      <line num="61" type="stmt" count="1"/>
      <line num="62" type="stmt" count="1"/>
      <line num="63" type="stmt" count="1"/>
      <line num="64" type="stmt" count="1"/>
      <line num="65" type="stmt" count="1"/>
      <line num="66" type="stmt" count="1"/>
      <line num="69" type="stmt" count="0"/>
      <line num="75" type="method" name="retrieve" visibility="public" complexity="2" crap="2" count="21"/>
      <line num="77" type="stmt" count="21"/>
      <line num="78" type="stmt" count="21"/>
      <line num="79" type="stmt" count="21"/>
      <line num="81" type="stmt" count="21"/>
      <line num="82" type="stmt" count="21"/>
      <line num="83" type="stmt" count="6"/>
      <line num="85" type="stmt" count="21"/>
      <line num="91" type="method" name="retrieveOne" visibility="public" complexity="2" crap="2" count="3"/>
      <line num="93" type="stmt" count="3"/>
      <line num="94" type="stmt" count="3"/>
      <line num="95" type="stmt" count="3"/>
      <line num="96" type="stmt" count="3"/>
      <line num="97" type="stmt" count="3"/>
      <line num="99" type="stmt" count="2"/>
      <line num="102" type="method" name="retrieveOneOrCreate" visibility="public" complexity="2" crap="2" count="1"/>
      <line num="104" type="stmt" count="1"/>
      <line num="105" type="stmt" count="1"/>
      <line num="106" type="stmt" count="1"/>
      <line num="108" type="stmt" count="1"/>
      <line num="111" type="method" name="declare" visibility="public" complexity="1" crap="1" count="7"/>
      <line num="113" type="stmt" count="7"/>
      <line num="114" type="stmt" count="7"/>
      <line num="120" type="method" name="store" visibility="public" complexity="4" crap="4.01" count="21"/>
      <line num="122" type="stmt" count="21"/>
      <line num="123" type="stmt" count="21"/>
      <line num="124" type="stmt" count="21"/>
      <line num="125" type="stmt" count="21"/>
      <line num="126" type="stmt" count="21"/>
      <line num="128" type="stmt" count="21"/>
      <line num="129" type="stmt" count="21"/>
      <line num="130" type="stmt" count="21"/>
      <line num="131" type="stmt" count="21"/>
      <line num="132" type="stmt" count="21"/>
      <line num="133" type="stmt" count="2"/>
      <line num="134" type="stmt" count="2"/>
      <line num="135" type="stmt" count="2"/>
      <line num="136" type="stmt" count="2"/>
      <line num="138" type="stmt" count="2"/>
      <line num="142" type="stmt" count="21"/>
      <line num="143" type="stmt" count="0"/>
      <line num="144" type="stmt" count="0"/>
      <line num="146" type="stmt" count="21"/>
      <line num="147" type="stmt" count="21"/>
      <line num="148" type="stmt" count="21"/>
      <line num="151" type="method" name="interpret" visibility="private" complexity="1" crap="1" count="25"/>
      <line num="154" type="stmt" count="25"/>
      <line num="155" type="stmt" count="25"/>
      <line num="158" type="method" name="toArray" visibility="public" complexity="7" crap="7" count="22"/>
      <line num="160" type="stmt" count="22"/>
      <line num="161" type="stmt" count="22"/>
      <line num="162" type="stmt" count="22"/>
      <line num="163" type="stmt" count="22"/>
      <line num="165" type="stmt" count="22"/>
      <line num="166" type="stmt" count="22"/>
      <line num="167" type="stmt" count="21"/>
      <line num="168" type="stmt" count="22"/>
      <line num="169" type="stmt" count="22"/>
      <line num="173" type="stmt" count="22"/>
      <line num="176" type="method" name="rehydrate" visibility="public" complexity="3" crap="3" count="21"/>
      <line num="178" type="stmt" count="21"/>
      <line num="180" type="stmt" count="21"/>
      <line num="181" type="stmt" count="21"/>
      <line num="182" type="stmt" count="21"/>
      <line num="183" type="stmt" count="21"/>
      <line num="185" type="stmt" count="21"/>
      <line num="186" type="stmt" count="21"/>
      <line num="192" type="method" name="get" visibility="public" complexity="4" crap="4" count="21"/>
      <line num="194" type="stmt" count="21"/>
      <line num="196" type="stmt" count="21"/>
      <line num="197" type="stmt" count="21"/>
      <line num="199" type="stmt" count="21"/>
      <line num="201" type="stmt" count="1"/>
      <line num="203" type="stmt" count="21"/>
      <line num="205" type="stmt" count="21"/>
      <line num="206" type="stmt" count="21"/>
      <line num="209" type="stmt" count="21"/>
      <line num="210" type="stmt" count="21"/>
      <line num="212" type="stmt" count="21"/>
      <line num="213" type="stmt" count="21"/>
      <line num="214" type="stmt" count="21"/>
      <line num="215" type="stmt" count="21"/>
      <line num="218" type="method" name="getTransactionMode" visibility="public" complexity="1" crap="1" count="1"/>
      <line num="220" type="stmt" count="1"/>
      <line num="221" type="stmt" count="1"/>
      <line num="224" type="method" name="setTransactionMode" visibility="public" complexity="1" crap="1" count="21"/>
      <line num="226" type="stmt" count="21"/>
      <line num="227" type="stmt" count="21"/>
      <line num="231" type="method" name="delete" visibility="public" complexity="3" crap="3" count="2"/>
      <line num="233" type="stmt" count="2"/>
      <line num="235" type="stmt" count="2"/>
      <line num="236" type="stmt" count="1"/>
      <line num="237" type="stmt" count="1"/>
      <line num="240" type="stmt" count="1"/>
      <line num="241" type="stmt" count="1"/>
      <line num="242" type="stmt" count="1"/>
      <line num="245" type="stmt" count="2"/>
      <line num="246" type="stmt" count="2"/>
      <line num="249" type="method" name="paginate" visibility="public" complexity="1" crap="1" count="1"/>
      <line num="251" type="stmt" count="1"/>
      <line num="254" type="method" name="afterStore" visibility="protected" complexity="1" crap="1" count="1"/>
      <line num="256" type="stmt" count="1"/>
      <line num="259" type="method" name="afterDeletion" visibility="protected" complexity="1" crap="1" count="2"/>
      <line num="261" type="stmt" count="2"/>
      <metrics loc="263" ncloc="241" classes="1" methods="18" coveredmethods="16" conditionals="0" coveredconditionals="0" statements="111" coveredstatements="108" elements="129" coveredelements="124"/>
    </file>
    <file name="C:\xampp\htdocs\neoan.io-tools\lenkrad-core\src\Model\Paginate.php">
      <class name="Neoan\Model\Paginate" namespace="global">
        <metrics complexity="8" methods="7" coveredmethods="7" conditionals="0" coveredconditionals="0" statements="22" coveredstatements="22" elements="29" coveredelements="29"/>
      </class>
      <line num="14" type="method" name="__construct" visibility="public" complexity="1" crap="1" count="2"/>
      <line num="21" type="method" name="getPage" visibility="public" complexity="1" crap="1" count="1"/>
      <line num="23" type="stmt" count="1"/>
      <line num="29" type="method" name="getPageSize" visibility="public" complexity="1" crap="1" count="1"/>
      <line num="31" type="stmt" count="1"/>
      <line num="34" type="method" name="where" visibility="public" complexity="1" crap="1" count="1"/>
      <line num="36" type="stmt" count="1"/>
      <line num="37" type="stmt" count="1"/>
      <line num="40" type="method" name="ascending" visibility="public" complexity="1" crap="1" count="1"/>
      <line num="42" type="stmt" count="1"/>
      <line num="43" type="stmt" count="1"/>
      <line num="45" type="method" name="descending" visibility="public" complexity="1" crap="1" count="1"/>
      <line num="47" type="stmt" count="1"/>
      <line num="48" type="stmt" count="1"/>
      <line num="51" type="method" name="get" visibility="public" complexity="2" crap="2" count="2"/>
      <line num="53" type="stmt" count="2"/>
      <line num="54" type="stmt" count="2"/>
      <line num="55" type="stmt" count="2"/>
      <line num="56" type="stmt" count="2"/>
      <line num="57" type="stmt" count="1"/>
      <line num="58" type="stmt" count="1"/>
      <line num="59" type="stmt" count="1"/>
      <line num="60" type="stmt" count="1"/>
      <line num="62" type="stmt" count="1"/>
      <line num="64" type="stmt" count="1"/>
      <line num="66" type="stmt" count="1"/>
      <line num="67" type="stmt" count="1"/>
      <line num="69" type="stmt" count="1"/>
      <metrics loc="74" ncloc="68" classes="1" methods="7" coveredmethods="7" conditionals="0" coveredconditionals="0" statements="22" coveredstatements="22" elements="29" coveredelements="29"/>
    </file>
    <file name="C:\xampp\htdocs\neoan.io-tools\lenkrad-core\src\Model\Traits\Setter.php">
      <class name="Neoan\Model\Traits\Setter" namespace="global">
        <metrics complexity="2" methods="1" coveredmethods="1" conditionals="0" coveredconditionals="0" statements="3" coveredstatements="3" elements="4" coveredelements="4"/>
      </class>
      <line num="7" type="method" name="set" visibility="public" complexity="2" crap="2" count="3"/>
      <line num="9" type="stmt" count="3"/>
      <line num="10" type="stmt" count="3"/>
      <line num="12" type="stmt" count="3"/>
      <metrics loc="14" ncloc="14" classes="1" methods="1" coveredmethods="1" conditionals="0" coveredconditionals="0" statements="3" coveredstatements="3" elements="4" coveredelements="4"/>
    </file>
    <file name="C:\xampp\htdocs\neoan.io-tools\lenkrad-core\src\Model\Traits\TimeStamps.php">
      <class name="Neoan\Model\Traits\TimeStamps" namespace="global">
        <metrics complexity="0" methods="0" coveredmethods="0" conditionals="0" coveredconditionals="0" statements="0" coveredstatements="0" elements="0" coveredelements="0"/>
      </class>
      <metrics loc="31" ncloc="31" classes="0" methods="0" coveredmethods="0" conditionals="0" coveredconditionals="0" statements="0" coveredstatements="0" elements="0" coveredelements="0"/>
    </file>
    <file name="C:\xampp\htdocs\neoan.io-tools\lenkrad-core\src\Model\Transformers\CurrentTimeIn.php">
      <class name="Neoan\Model\Transformers\CurrentTimeIn" namespace="global">
        <metrics complexity="4" methods="1" coveredmethods="1" conditionals="0" coveredconditionals="0" statements="5" coveredstatements="5" elements="6" coveredelements="6"/>
      </class>
      <line num="12" type="method" name="__invoke" visibility="public" complexity="4" crap="4" count="2"/>
      <line num="14" type="stmt" count="2"/>
      <line num="15" type="stmt" count="2"/>
      <line num="16" type="stmt" count="1"/>
      <line num="17" type="stmt" count="1"/>
      <line num="20" type="stmt" count="2"/>
      <metrics loc="22" ncloc="22" classes="1" methods="1" coveredmethods="1" conditionals="0" coveredconditionals="0" statements="5" coveredstatements="5" elements="6" coveredelements="6"/>
    </file>
    <file name="C:\xampp\htdocs\neoan.io-tools\lenkrad-core\src\Model\Transformers\Hash.php">
      <class name="Neoan\Model\Transformers\Hash" namespace="global">
        <metrics complexity="6" methods="1" coveredmethods="1" conditionals="0" coveredconditionals="0" statements="6" coveredstatements="6" elements="7" coveredelements="7"/>
      </class>
      <line num="13" type="method" name="__invoke" visibility="public" complexity="6" crap="6" count="21"/>
      <line num="15" type="stmt" count="21"/>
      <line num="16" type="stmt" count="21"/>
      <line num="17" type="stmt" count="21"/>
[...]
      <line num="28" type="method" name="output" visibility="public" complexity="1" crap="1" count="1"/>
      <line num="30" type="stmt" count="1"/>
      <line num="33" type="method" name="getDefaultOutput" visibility="public" complexity="1" crap="1" count="1"/>
      <line num="35" type="stmt" count="1"/>
      <line num="41" type="method" name="setDefaultRenderer" visibility="public" complexity="2" crap="2" count="3"/>
      <line num="43" type="stmt" count="3"/>
      <line num="44" type="stmt" count="3"/>
      <line num="45" type="stmt" count="1"/>
      <line num="47" type="stmt" count="2"/>
      <line num="50" type="method" name="json" visibility="public" complexity="1" crap="1" count="1"/>
      <line num="52" type="stmt" count="1"/>
      <line num="53" type="stmt" count="1"/>
      <line num="54" type="stmt" count="1"/>
      <line num="55" type="stmt" count="1"/>
      <line num="58" type="method" name="respond" visibility="public" complexity="2" crap="2" count="12"/>
      <line num="60" type="stmt" count="12"/>
      <line num="61" type="stmt" count="12"/>
      <line num="64" type="stmt" count="12"/>
      <line num="65" type="stmt" count="1"/>
      <line num="67" type="stmt" count="12"/>
      <line num="68" type="stmt" count="12"/>
      <line num="71" type="method" name="setResponseHeaders" visibility="public" complexity="2" crap="2" count="3"/>
      <line num="73" type="stmt" count="3"/>
      <line num="74" type="stmt" count="3"/>
      <line num="75" type="stmt" count="3"/>
      <line num="77" type="stmt" count="3"/>
      <line num="80" type="method" name="html" visibility="public" complexity="1" crap="1" count="2"/>
      <line num="82" type="stmt" count="2"/>
      <line num="83" type="stmt" count="2"/>
      <line num="85" type="stmt" count="2"/>
      <line num="86" type="stmt" count="2"/>
      <line num="89" type="method" name="setStatusCode" visibility="public" complexity="1" crap="1" count="1"/>
      <line num="91" type="stmt" count="1"/>
      <line num="94" type="method" name="redirect" visibility="public" complexity="1" crap="1" count="1"/>
      <line num="96" type="stmt" count="1"/>
      <line num="97" type="stmt" count="1"/>
      <line num="100" type="method" name="detachInstance" visibility="public" complexity="1" crap="1" count="1"/>
      <line num="102" type="stmt" count="1"/>
      <line num="105" type="method" name="__invoke" visibility="public" complexity="1" crap="1" count="2"/>
      <line num="107" type="stmt" count="2"/>
      <line num="110" type="method" name="getInstance" visibility="public" complexity="3" crap="3" count="18"/>
      <line num="112" type="stmt" count="18"/>
      <line num="113" type="stmt" count="1"/>
      <line num="115" type="stmt" count="18"/>
      <line num="116" type="stmt" count="2"/>
      <line num="118" type="stmt" count="18"/>
      <metrics loc="120" ncloc="117" classes="1" methods="13" coveredmethods="13" conditionals="0" coveredconditionals="0" statements="35" coveredstatements="35" elements="48" coveredelements="48"/>
    </file>
    <file name="C:\xampp\htdocs\neoan.io-tools\lenkrad-core\src\Routing\AttributeRouting.php">
      <class name="Neoan\Routing\AttributeRouting" namespace="global">
        <metrics complexity="15" methods="4" coveredmethods="4" conditionals="0" coveredconditionals="0" statements="26" coveredstatements="26" elements="30" coveredelements="30"/>
      </class>
      <line num="16" type="method" name="__construct" visibility="public" complexity="1" crap="1" count="1"/>
      <line num="21" type="method" name="__invoke" visibility="public" complexity="4" crap="4" count="1"/>
      <line num="23" type="stmt" count="1"/>
      <line num="24" type="stmt" count="1"/>
      <line num="25" type="stmt" count="1"/>
      <line num="26" type="stmt" count="1"/>
      <line num="27" type="stmt" count="1"/>
      <line num="28" type="stmt" count="1"/>
      <line num="29" type="stmt" count="1"/>
      <line num="30" type="stmt" count="1"/>
      <line num="31" type="stmt" count="1"/>
      <line num="32" type="stmt" count="1"/>
      <line num="40" type="method" name="directoryExplorer" visibility="private" complexity="7" crap="7" count="1"/>
      <line num="42" type="stmt" count="1"/>
      <line num="43" type="stmt" count="1"/>
      <line num="45" type="stmt" count="1"/>
      <line num="46" type="stmt" count="1"/>
      <line num="47" type="stmt" count="1"/>
      <line num="48" type="stmt" count="1"/>
      <line num="53" type="stmt" count="1"/>
      <line num="54" type="stmt" count="1"/>
      <line num="55" type="stmt" count="1"/>
      <line num="63" type="method" name="reflectUpon" visibility="private" complexity="3" crap="3" count="1"/>
      <line num="65" type="stmt" count="1"/>
      <line num="66" type="stmt" count="1"/>
      <line num="67" type="stmt" count="1"/>
      <line num="68" type="stmt" count="1"/>
      <line num="69" type="stmt" count="1"/>
      <line num="70" type="stmt" count="1"/>
      <metrics loc="75" ncloc="70" classes="1" methods="4" coveredmethods="4" conditionals="0" coveredconditionals="0" statements="26" coveredstatements="26" elements="30" coveredelements="30"/>
    </file>
    <file name="C:\xampp\htdocs\neoan.io-tools\lenkrad-core\src\Routing\Attributes\Delete.php">
      <class name="Neoan\Routing\Attributes\Delete" namespace="global">
        <metrics complexity="1" methods="1" coveredmethods="1" conditionals="0" coveredconditionals="0" statements="1" coveredstatements="1" elements="2" coveredelements="2"/>
      </class>
      <line num="12" type="method" name="__construct" visibility="public" complexity="1" crap="1" count="1"/>
      <line num="14" type="stmt" count="1"/>
      <metrics loc="18" ncloc="18" classes="1" methods="1" coveredmethods="1" conditionals="0" coveredconditionals="0" statements="1" coveredstatements="1" elements="2" coveredelements="2"/>
    </file>
    <file name="C:\xampp\htdocs\neoan.io-tools\lenkrad-core\src\Routing\Attributes\Get.php">
      <class name="Neoan\Routing\Attributes\Get" namespace="global">
        <metrics complexity="1" methods="1" coveredmethods="1" conditionals="0" coveredconditionals="0" statements="1" coveredstatements="1" elements="2" coveredelements="2"/>
      </class>
      <line num="12" type="method" name="__construct" visibility="public" complexity="1" crap="1" count="1"/>
      <line num="14" type="stmt" count="1"/>
      <metrics loc="18" ncloc="18" classes="1" methods="1" coveredmethods="1" conditionals="0" coveredconditionals="0" statements="1" coveredstatements="1" elements="2" coveredelements="2"/>
    </file>
    <file name="C:\xampp\htdocs\neoan.io-tools\lenkrad-core\src\Routing\Attributes\Patch.php">
      <class name="Neoan\Routing\Attributes\Patch" namespace="global">
        <metrics complexity="1" methods="1" coveredmethods="1" conditionals="0" coveredconditionals="0" statements="1" coveredstatements="1" elements="2" coveredelements="2"/>
      </class>
      <line num="12" type="method" name="__construct" visibility="public" complexity="1" crap="1" count="1"/>
      <line num="14" type="stmt" count="1"/>
      <metrics loc="18" ncloc="18" classes="1" methods="1" coveredmethods="1" conditionals="0" coveredconditionals="0" statements="1" coveredstatements="1" elements="2" coveredelements="2"/>
    </file>
    <file name="C:\xampp\htdocs\neoan.io-tools\lenkrad-core\src\Routing\Attributes\Post.php">
      <class name="Neoan\Routing\Attributes\Post" namespace="global">
        <metrics complexity="1" methods="1" coveredmethods="1" conditionals="0" coveredconditionals="0" statements="1" coveredstatements="1" elements="2" coveredelements="2"/>
      </class>
      <line num="12" type="method" name="__construct" visibility="public" complexity="1" crap="1" count="1"/>
      <line num="14" type="stmt" count="1"/>
      <metrics loc="18" ncloc="18" classes="1" methods="1" coveredmethods="1" conditionals="0" coveredconditionals="0" statements="1" coveredstatements="1" elements="2" coveredelements="2"/>
    </file>
    <file name="C:\xampp\htdocs\neoan.io-tools\lenkrad-core\src\Routing\Attributes\Put.php">
      <class name="Neoan\Routing\Attributes\Put" namespace="global">
        <metrics complexity="1" methods="1" coveredmethods="1" conditionals="0" coveredconditionals="0" statements="1" coveredstatements="1" elements="2" coveredelements="2"/>
      </class>
      <line num="12" type="method" name="__construct" visibility="public" complexity="1" crap="1" count="1"/>
      <line num="14" type="stmt" count="1"/>
      <metrics loc="18" ncloc="18" classes="1" methods="1" coveredmethods="1" conditionals="0" coveredconditionals="0" statements="1" coveredstatements="1" elements="2" coveredelements="2"/>
    </file>
    <file name="C:\xampp\htdocs\neoan.io-tools\lenkrad-core\src\Routing\Attributes\Route.php">
      <class name="Neoan\Routing\Attributes\Route" namespace="global">
        <metrics complexity="3" methods="3" coveredmethods="3" conditionals="0" coveredconditionals="0" statements="7" coveredstatements="7" elements="10" coveredelements="10"/>
      </class>
      <line num="19" type="method" name="__construct" visibility="public" complexity="1" crap="1" count="1"/>
      <line num="21" type="stmt" count="1"/>
      <line num="22" type="stmt" count="1"/>
      <line num="23" type="stmt" count="1"/>
      <line num="25" type="method" name="setControllerClass" visibility="public" complexity="1" crap="1" count="1"/>
      <line num="27" type="stmt" count="1"/>
      <line num="29" type="method" name="generateRoute" visibility="public" complexity="1" crap="1" count="1"/>
      <line num="31" type="stmt" count="1"/>
      <line num="32" type="stmt" count="1"/>
      <line num="33" type="stmt" count="1"/>
      <metrics loc="35" ncloc="32" classes="1" methods="3" coveredmethods="3" conditionals="0" coveredconditionals="0" statements="7" coveredstatements="7" elements="10" coveredelements="10"/>
    </file>
    <file name="C:\xampp\htdocs\neoan.io-tools\lenkrad-core\src\Routing\Attributes\RouteAttribute.php">
      <metrics loc="9" ncloc="9" classes="0" methods="0" coveredmethods="0" conditionals="0" coveredconditionals="0" statements="0" coveredstatements="0" elements="0" coveredelements="0"/>
    </file>
    <file name="C:\xampp\htdocs\neoan.io-tools\lenkrad-core\src\Routing\Attributes\Web.php">
      <class name="Neoan\Routing\Attributes\Web" namespace="global">
        <metrics complexity="3" methods="3" coveredmethods="3" conditionals="0" coveredconditionals="0" statements="9" coveredstatements="9" elements="12" coveredelements="12"/>
      </class>
      <line num="18" type="method" name="__construct" visibility="public" complexity="1" crap="1" count="1"/>
      <line num="20" type="stmt" count="1"/>
      <line num="21" type="stmt" count="1"/>
      <line num="22" type="stmt" count="1"/>
      <line num="25" type="method" name="setControllerClass" visibility="public" complexity="1" crap="1" count="1"/>
      <line num="27" type="stmt" count="1"/>
      <line num="30" type="method" name="generateRoute" visibility="public" complexity="1" crap="1" count="1"/>
      <line num="32" type="stmt" count="1"/>
      <line num="33" type="stmt" count="1"/>
      <line num="34" type="stmt" count="1"/>
      <line num="35" type="stmt" count="1"/>
      <line num="36" type="stmt" count="1"/>
      <metrics loc="38" ncloc="38" classes="1" methods="3" coveredmethods="3" conditionals="0" coveredconditionals="0" statements="9" coveredstatements="9" elements="12" coveredelements="12"/>
    </file>
    <file name="C:\xampp\htdocs\neoan.io-tools\lenkrad-core\src\Routing\Route.php">
      <class name="Neoan\Routing\Route" namespace="global">
        <metrics complexity="32" methods="17" coveredmethods="14" conditionals="0" coveredconditionals="0" statements="75" coveredstatements="72" elements="92" coveredelements="86"/>
      </class>
      <line num="24" type="method" name="get" visibility="public" complexity="1" crap="1" count="7"/>
      <line num="26" type="stmt" count="7"/>
      <line num="29" type="method" name="post" visibility="public" complexity="1" crap="1" count="1"/>
      <line num="31" type="stmt" count="1"/>
      <line num="34" type="method" name="put" visibility="public" complexity="1" crap="1" count="1"/>
      <line num="36" type="stmt" count="1"/>
      <line num="39" type="method" name="patch" visibility="public" complexity="1" crap="1" count="1"/>
      <line num="41" type="stmt" count="1"/>
      <line num="44" type="method" name="delete" visibility="public" complexity="1" crap="1" count="1"/>
      <line num="46" type="stmt" count="1"/>
      <line num="49" type="method" name="request" visibility="public" complexity="1" crap="1" count="9"/>
      <line num="51" type="stmt" count="9"/>
      <line num="52" type="stmt" count="9"/>
      <line num="56" type="stmt" count="9"/>
      <line num="57" type="stmt" count="9"/>
      <line num="58" type="stmt" count="9"/>
      <line num="63" type="method" name="response" visibility="public" complexity="1" crap="1" count="2"/>
      <line num="65" type="stmt" count="2"/>
      <line num="66" type="stmt" count="2"/>
      <line num="67" type="stmt" count="2"/>
      <line num="69" type="stmt" count="2"/>
      <line num="73" type="method" name="getInstance" visibility="public" complexity="3" crap="3" count="10"/>
      <line num="75" type="stmt" count="10"/>
      <line num="76" type="stmt" count="1"/>
      <line num="78" type="stmt" count="10"/>
      <line num="79" type="stmt" count="9"/>
      <line num="81" type="stmt" count="10"/>
      <line num="83" type="stmt" count="10"/>
      <line num="85" type="stmt" count="10"/>
      <line num="88" type="method" name="inject" visibility="public" complexity="1" crap="1" count="1"/>
      <line num="90" type="stmt" count="1"/>
      <line num="91" type="stmt" count="1"/>
      <line num="92" type="stmt" count="1"/>
      <line num="93" type="stmt" count="1"/>
      <line num="96" type="stmt" count="1"/>
      <line num="97" type="stmt" count="1"/>
      <line num="100" type="stmt" count="1"/>
      <line num="103" type="method" name="view" visibility="public" complexity="1" crap="1" count="3"/>
      <line num="105" type="stmt" count="3"/>
      <line num="106" type="stmt" count="3"/>
      <line num="107" type="stmt" count="3"/>
      <line num="110" type="method" name="__invoke" visibility="public" complexity="5" crap="5.01" count="5"/>
      <line num="113" type="stmt" count="5"/>
      <line num="114" type="stmt" count="5"/>
      <line num="115" type="stmt" count="5"/>
      <line num="116" type="stmt" count="0"/>
      <line num="118" type="stmt" count="5"/>
      <line num="119" type="stmt" count="5"/>
      <line num="120" type="stmt" count="5"/>
      <line num="122" type="stmt" count="3"/>
      <line num="123" type="stmt" count="3"/>
      <line num="124" type="stmt" count="1"/>
      <line num="128" type="stmt" count="3"/>
      <line num="129" type="stmt" count="2"/>
      <line num="133" type="method" name="evaluateRouteMatch" visibility="private" complexity="1" crap="1" count="5"/>
      <line num="136" type="stmt" count="5"/>
      <line num="137" type="stmt" count="5"/>
      <line num="138" type="stmt" count="5"/>
      <line num="141" type="stmt" count="5"/>
      <line num="143" type="stmt" count="5"/>
      <line num="146" type="method" name="executePotentialRouteMatch" visibility="private" complexity="3" crap="3" count="5"/>
      <line num="148" type="stmt" count="5"/>
      <line num="149" type="stmt" count="5"/>
      <line num="150" type="stmt" count="3"/>
      <line num="151" type="stmt" count="3"/>
      <line num="152" type="stmt" count="1"/>
      <line num="154" type="stmt" count="3"/>
      <line num="156" type="stmt" count="5"/>
      <line num="159" type="method" name="extractParameters" visibility="private" complexity="4" crap="4.02" count="5"/>
      <line num="161" type="stmt" count="5"/>
      <line num="162" type="stmt" count="5"/>
      <line num="163" type="stmt" count="5"/>
      <line num="164" type="stmt" count="5"/>
      <line num="165" type="stmt" count="5"/>
      <line num="166" type="stmt" count="5"/>
      <line num="167" type="stmt" count="0"/>
      <line num="169" type="stmt" count="5"/>
      <line num="174" type="stmt" count="5"/>
      <line num="180" type="method" name="execute" visibility="private" complexity="4" crap="4" count="3"/>
      <line num="182" type="stmt" count="3"/>
      <line num="183" type="stmt" count="1"/>
      <line num="185" type="stmt" count="2"/>
      <line num="186" type="stmt" count="2"/>
      <line num="187" type="stmt" count="2"/>
      <line num="189" type="stmt" count="1"/>
      <line num="190" type="stmt" count="1"/>
      <line num="197" type="method" name="isLastRoutable" visibility="private" complexity="1" crap="1" count="1"/>
      <line num="199" type="stmt" count="1"/>
      <line num="202" type="method" name="lastRoutable" visibility="private" complexity="2" crap="2.15" count="1"/>
      <line num="204" type="stmt" count="1"/>
      <line num="205" type="stmt" count="1"/>
      <line num="207" type="stmt" count="0"/>
      <metrics loc="210" ncloc="206" classes="1" methods="17" coveredmethods="14" conditionals="0" coveredconditionals="0" statements="75" coveredstatements="72" elements="92" coveredelements="86"/>
    </file>
    <file name="C:\xampp\htdocs\neoan.io-tools\lenkrad-core\src\Store\Store.php">
      <class name="Neoan\Store\Store" namespace="global">
        <metrics complexity="5" methods="4" coveredmethods="4" conditionals="0" coveredconditionals="0" statements="9" coveredstatements="9" elements="13" coveredelements="13"/>
      </class>
      <class name="Neoan\Store\Dynamic" namespace="global">
        <metrics complexity="4" methods="3" coveredmethods="3" conditionals="0" coveredconditionals="0" statements="7" coveredstatements="7" elements="10" coveredelements="10"/>
      </class>
      <line num="10" type="method" name="write" visibility="public" complexity="1" crap="1" count="4"/>
      <line num="12" type="stmt" count="4"/>
      <line num="13" type="stmt" count="4"/>
      <line num="16" type="method" name="getInstance" visibility="public" complexity="2" crap="2" count="27"/>
      <line num="18" type="stmt" count="27"/>
      <line num="19" type="stmt" count="1"/>
      <line num="21" type="stmt" count="27"/>
      <line num="24" type="method" name="dynamic" visibility="public" complexity="1" crap="1" count="27"/>
      <line num="26" type="stmt" count="27"/>
      <line num="27" type="stmt" count="27"/>
      <line num="30" type="method" name="readValue" visibility="public" complexity="1" crap="1" count="27"/>
      <line num="32" type="stmt" count="27"/>
      <line num="33" type="stmt" count="27"/>
      <line num="43" type="method" name="__construct" visibility="public" complexity="1" crap="1" count="27"/>
      <line num="45" type="stmt" count="27"/>
      <line num="46" type="stmt" count="27"/>
      <line num="49" type="method" name="__toString" visibility="public" complexity="2" crap="2" count="1"/>
      <line num="51" type="stmt" count="1"/>
      <line num="52" type="stmt" count="1"/>
      <line num="53" type="stmt" count="1"/>
      <line num="55" type="stmt" count="1"/>
      <line num="58" type="method" name="get" visibility="public" complexity="1" crap="1" count="26"/>
      <line num="60" type="stmt" count="26"/>
      <metrics loc="62" ncloc="62" classes="2" methods="7" coveredmethods="7" conditionals="0" coveredconditionals="0" statements="16" coveredstatements="16" elements="23" coveredelements="23"/>
    </file>
    <metrics files="74" loc="3880" ncloc="3701" classes="59" methods="299" coveredmethods="287" conditionals="0" coveredconditionals="0" statements="1087" coveredstatements="1072" elements="1386" coveredelements="1359"/>
  </project>
</coverage>
